<?xml version="1.0" encoding="UTF-8"?>
<coverage generated="1679683439190" clover="3.2.0">
  <project timestamp="1679683439191" name="All files">
    <metrics statements="448" coveredstatements="415" conditionals="73" coveredconditionals="51" methods="25" coveredmethods="25" elements="546" coveredelements="491" complexity="0" loc="448" ncloc="448" packages="1" files="4" classes="4"/>
    <file name="ClassCardsBooks.tsx" path="C:\Users\ksan4\Desktop\rs-react\components\src\components\ClassCardsBooks.tsx">
      <metrics statements="28" coveredstatements="28" conditionals="6" coveredconditionals="6" methods="3" coveredmethods="3"/>
      <line num="1" count="1" type="stmt"/>
      <line num="2" count="1" type="stmt"/>
      <line num="3" count="1" type="stmt"/>
      <line num="4" count="1" type="stmt"/>
      <line num="5" count="1" type="stmt"/>
      <line num="6" count="1" type="stmt"/>
      <line num="7" count="1" type="cond" truecount="1" falsecount="0"/>
      <line num="8" count="1" type="cond" truecount="1" falsecount="0"/>
      <line num="9" count="3" type="stmt"/>
      <line num="10" count="3" type="stmt"/>
      <line num="11" count="3" type="stmt"/>
      <line num="12" count="1" type="cond" truecount="1" falsecount="0"/>
      <line num="13" count="11" type="cond" truecount="2" falsecount="0"/>
      <line num="14" count="1" type="stmt"/>
      <line num="15" count="1" type="stmt"/>
      <line num="16" count="10" type="stmt"/>
      <line num="17" count="10" type="stmt"/>
      <line num="18" count="10" type="stmt"/>
      <line num="19" count="10" type="cond" truecount="1" falsecount="0"/>
      <line num="20" count="51" type="stmt"/>
      <line num="21" count="10" type="stmt"/>
      <line num="22" count="10" type="stmt"/>
      <line num="23" count="10" type="stmt"/>
      <line num="24" count="11" type="stmt"/>
      <line num="25" count="11" type="stmt"/>
      <line num="26" count="1" type="stmt"/>
      <line num="27" count="1" type="stmt"/>
      <line num="28" count="1" type="stmt"/>
    </file>
    <file name="ClassFormAddBook.tsx" path="C:\Users\ksan4\Desktop\rs-react\components\src\components\ClassFormAddBook.tsx">
      <metrics statements="327" coveredstatements="299" conditionals="54" coveredconditionals="33" methods="13" coveredmethods="13"/>
      <line num="1" count="1" type="stmt"/>
      <line num="2" count="1" type="stmt"/>
      <line num="3" count="1" type="stmt"/>
      <line num="4" count="1" type="stmt"/>
      <line num="5" count="1" type="stmt"/>
      <line num="6" count="1" type="stmt"/>
      <line num="7" count="1" type="cond" truecount="1" falsecount="0"/>
      <line num="8" count="1" type="stmt"/>
      <line num="9" count="1" type="stmt"/>
      <line num="10" count="1" type="stmt"/>
      <line num="11" count="1" type="stmt"/>
      <line num="12" count="1" type="stmt"/>
      <line num="13" count="1" type="stmt"/>
      <line num="14" count="1" type="stmt"/>
      <line num="15" count="1" type="stmt"/>
      <line num="16" count="1" type="stmt"/>
      <line num="17" count="1" type="stmt"/>
      <line num="18" count="1" type="stmt"/>
      <line num="19" count="1" type="stmt"/>
      <line num="20" count="1" type="stmt"/>
      <line num="21" count="1" type="cond" truecount="1" falsecount="0"/>
      <line num="22" count="1" type="stmt"/>
      <line num="23" count="1" type="stmt"/>
      <line num="24" count="1" type="stmt"/>
      <line num="25" count="1" type="stmt"/>
      <line num="26" count="1" type="stmt"/>
      <line num="27" count="1" type="stmt"/>
      <line num="28" count="1" type="stmt"/>
      <line num="29" count="1" type="stmt"/>
      <line num="30" count="1" type="stmt"/>
      <line num="31" count="1" type="stmt"/>
      <line num="32" count="1" type="stmt"/>
      <line num="33" count="1" type="stmt"/>
      <line num="34" count="1" type="stmt"/>
      <line num="35" count="1" type="stmt"/>
      <line num="36" count="1" type="stmt"/>
      <line num="37" count="1" type="stmt"/>
      <line num="38" count="1" type="stmt"/>
      <line num="39" count="1" type="stmt"/>
      <line num="40" count="1" type="stmt"/>
      <line num="41" count="1" type="stmt"/>
      <line num="42" count="1" type="stmt"/>
      <line num="43" count="1" type="stmt"/>
      <line num="44" count="1" type="stmt"/>
      <line num="45" count="1" type="stmt"/>
      <line num="46" count="1" type="stmt"/>
      <line num="47" count="1" type="stmt"/>
      <line num="48" count="1" type="stmt"/>
      <line num="49" count="1" type="stmt"/>
      <line num="50" count="1" type="stmt"/>
      <line num="51" count="1" type="cond" truecount="1" falsecount="0"/>
      <line num="52" count="3" type="cond" truecount="1" falsecount="0"/>
      <line num="53" count="2" type="cond" truecount="1" falsecount="0"/>
      <line num="54" count="1" type="stmt"/>
      <line num="55" count="1" type="stmt"/>
      <line num="56" count="1" type="stmt"/>
      <line num="57" count="1" type="stmt"/>
      <line num="58" count="1" type="cond" truecount="0" falsecount="1"/>
      <line num="59" count="1" type="stmt"/>
      <line num="60" count="3" type="cond" truecount="1" falsecount="0"/>
      <line num="61" count="1" type="stmt"/>
      <line num="62" count="1" type="stmt"/>
      <line num="63" count="3" type="stmt"/>
      <line num="64" count="1" type="cond" truecount="1" falsecount="0"/>
      <line num="65" count="3" type="cond" truecount="1" falsecount="0"/>
      <line num="66" count="2" type="cond" truecount="1" falsecount="0"/>
      <line num="67" count="1" type="stmt"/>
      <line num="68" count="1" type="stmt"/>
      <line num="69" count="1" type="stmt"/>
      <line num="70" count="1" type="stmt"/>
      <line num="71" count="1" type="cond" truecount="0" falsecount="1"/>
      <line num="72" count="1" type="stmt"/>
      <line num="73" count="3" type="cond" truecount="1" falsecount="0"/>
      <line num="74" count="1" type="stmt"/>
      <line num="75" count="1" type="stmt"/>
      <line num="76" count="3" type="stmt"/>
      <line num="77" count="1" type="stmt"/>
      <line num="78" count="1" type="cond" truecount="1" falsecount="0"/>
      <line num="79" count="2" type="cond" truecount="1" falsecount="0"/>
      <line num="80" count="1" type="stmt"/>
      <line num="81" count="1" type="stmt"/>
      <line num="82" count="1" type="stmt"/>
      <line num="83" count="1" type="stmt"/>
      <line num="84" count="1" type="cond" truecount="0" falsecount="1"/>
      <line num="85" count="1" type="stmt"/>
      <line num="86" count="1" type="stmt"/>
      <line num="87" count="1" type="stmt"/>
      <line num="88" count="2" type="stmt"/>
      <line num="89" count="1" type="cond" truecount="1" falsecount="0"/>
      <line num="90" count="2" type="cond" truecount="1" falsecount="0"/>
      <line num="91" count="1" type="stmt"/>
      <line num="92" count="1" type="stmt"/>
      <line num="93" count="1" type="stmt"/>
      <line num="94" count="1" type="stmt"/>
      <line num="95" count="2" type="stmt"/>
      <line num="96" count="1" type="cond" truecount="1" falsecount="0"/>
      <line num="97" count="2" type="stmt"/>
      <line num="98" count="2" type="stmt"/>
      <line num="99" count="2" type="stmt"/>
      <line num="100" count="2" type="stmt"/>
      <line num="101" count="2" type="stmt"/>
      <line num="102" count="2" type="cond" truecount="1" falsecount="0"/>
      <line num="103" count="1" type="stmt"/>
      <line num="104" count="1" type="stmt"/>
      <line num="105" count="2" type="stmt"/>
      <line num="106" count="1" type="cond" truecount="1" falsecount="0"/>
      <line num="107" count="1" type="stmt"/>
      <line num="108" count="1" type="cond" truecount="0" falsecount="1"/>
      <line num="109" count="1" type="stmt"/>
      <line num="110" count="1" type="stmt"/>
      <line num="111" count="1" type="cond" truecount="1" falsecount="0"/>
      <line num="112" count="1" type="cond" truecount="0" falsecount="1"/>
      <line num="113" count="0" type="stmt"/>
      <line num="114" count="0" type="stmt"/>
      <line num="115" count="0" type="stmt"/>
      <line num="116" count="0" type="stmt"/>
      <line num="117" count="0" type="stmt"/>
      <line num="118" count="0" type="stmt"/>
      <line num="119" count="0" type="stmt"/>
      <line num="120" count="1" type="stmt"/>
      <line num="121" count="1" type="stmt"/>
      <line num="122" count="1" type="stmt"/>
      <line num="123" count="1" type="stmt"/>
      <line num="124" count="1" type="cond" truecount="1" falsecount="0"/>
      <line num="125" count="7" type="cond" truecount="0" falsecount="1"/>
      <line num="126" count="7" type="stmt"/>
      <line num="127" count="7" type="stmt"/>
      <line num="128" count="7" type="stmt"/>
      <line num="129" count="7" type="cond" truecount="2" falsecount="0"/>
      <line num="130" count="5" type="cond" truecount="2" falsecount="0"/>
      <line num="131" count="4" type="cond" truecount="2" falsecount="0"/>
      <line num="132" count="3" type="cond" truecount="2" falsecount="0"/>
      <line num="133" count="1" type="cond" truecount="0" falsecount="1"/>
      <line num="134" count="0" type="stmt"/>
      <line num="135" count="0" type="stmt"/>
      <line num="136" count="7" type="stmt"/>
      <line num="137" count="1" type="stmt"/>
      <line num="138" count="1" type="cond" truecount="1" falsecount="0"/>
      <line num="139" count="1" type="stmt"/>
      <line num="140" count="1" type="stmt"/>
      <line num="141" count="1" type="stmt"/>
      <line num="142" count="1" type="stmt"/>
      <line num="143" count="1" type="stmt"/>
      <line num="144" count="1" type="stmt"/>
      <line num="145" count="1" type="stmt"/>
      <line num="146" count="1" type="stmt"/>
      <line num="147" count="1" type="stmt"/>
      <line num="148" count="1" type="stmt"/>
      <line num="149" count="1" type="stmt"/>
      <line num="150" count="1" type="stmt"/>
      <line num="151" count="1" type="stmt"/>
      <line num="152" count="1" type="stmt"/>
      <line num="153" count="1" type="stmt"/>
      <line num="154" count="1" type="stmt"/>
      <line num="155" count="1" type="stmt"/>
      <line num="156" count="1" type="cond" truecount="1" falsecount="0"/>
      <line num="157" count="8" type="stmt"/>
      <line num="158" count="8" type="cond" truecount="2" falsecount="0"/>
      <line num="159" count="7" type="cond" truecount="0" falsecount="1"/>
      <line num="160" count="8" type="stmt"/>
      <line num="161" count="1" type="stmt"/>
      <line num="162" count="1" type="stmt"/>
      <line num="163" count="1" type="cond" truecount="0" falsecount="1"/>
      <line num="164" count="0" type="stmt"/>
      <line num="165" count="1" type="stmt"/>
      <line num="166" count="1" type="cond" truecount="0" falsecount="1"/>
      <line num="167" count="0" type="stmt"/>
      <line num="168" count="1" type="stmt"/>
      <line num="169" count="1" type="cond" truecount="0" falsecount="1"/>
      <line num="170" count="0" type="stmt"/>
      <line num="171" count="1" type="stmt"/>
      <line num="172" count="1" type="cond" truecount="0" falsecount="1"/>
      <line num="173" count="0" type="stmt"/>
      <line num="174" count="1" type="stmt"/>
      <line num="175" count="1" type="stmt"/>
      <line num="176" count="1" type="cond" truecount="0" falsecount="1"/>
      <line num="177" count="1" type="stmt"/>
      <line num="178" count="1" type="cond" truecount="0" falsecount="1"/>
      <line num="179" count="0" type="stmt"/>
      <line num="180" count="1" type="cond" truecount="0" falsecount="1"/>
      <line num="181" count="0" type="stmt"/>
      <line num="182" count="1" type="stmt"/>
      <line num="183" count="1" type="stmt"/>
      <line num="184" count="1" type="stmt"/>
      <line num="185" count="1" type="stmt"/>
      <line num="186" count="1" type="cond" truecount="0" falsecount="6"/>
      <line num="187" count="0" type="stmt"/>
      <line num="188" count="0" type="stmt"/>
      <line num="189" count="0" type="stmt"/>
      <line num="190" count="0" type="stmt"/>
      <line num="191" count="0" type="stmt"/>
      <line num="192" count="0" type="stmt"/>
      <line num="193" count="0" type="stmt"/>
      <line num="194" count="0" type="stmt"/>
      <line num="195" count="0" type="stmt"/>
      <line num="196" count="0" type="stmt"/>
      <line num="197" count="0" type="stmt"/>
      <line num="198" count="0" type="stmt"/>
      <line num="199" count="0" type="stmt"/>
      <line num="200" count="1" type="stmt"/>
      <line num="201" count="1" type="stmt"/>
      <line num="202" count="1" type="stmt"/>
      <line num="203" count="1" type="stmt"/>
      <line num="204" count="1" type="cond" truecount="1" falsecount="0"/>
      <line num="205" count="9" type="stmt"/>
      <line num="206" count="9" type="stmt"/>
      <line num="207" count="9" type="stmt"/>
      <line num="208" count="9" type="stmt"/>
      <line num="209" count="9" type="stmt"/>
      <line num="210" count="9" type="stmt"/>
      <line num="211" count="9" type="stmt"/>
      <line num="212" count="9" type="stmt"/>
      <line num="213" count="9" type="stmt"/>
      <line num="214" count="9" type="stmt"/>
      <line num="215" count="9" type="stmt"/>
      <line num="216" count="9" type="stmt"/>
      <line num="217" count="9" type="stmt"/>
      <line num="218" count="9" type="stmt"/>
      <line num="219" count="9" type="stmt"/>
      <line num="220" count="9" type="stmt"/>
      <line num="221" count="9" type="stmt"/>
      <line num="222" count="9" type="stmt"/>
      <line num="223" count="9" type="stmt"/>
      <line num="224" count="9" type="stmt"/>
      <line num="225" count="9" type="stmt"/>
      <line num="226" count="9" type="stmt"/>
      <line num="227" count="9" type="stmt"/>
      <line num="228" count="9" type="stmt"/>
      <line num="229" count="9" type="stmt"/>
      <line num="230" count="9" type="stmt"/>
      <line num="231" count="9" type="stmt"/>
      <line num="232" count="9" type="stmt"/>
      <line num="233" count="9" type="stmt"/>
      <line num="234" count="9" type="stmt"/>
      <line num="235" count="9" type="stmt"/>
      <line num="236" count="9" type="stmt"/>
      <line num="237" count="9" type="stmt"/>
      <line num="238" count="9" type="stmt"/>
      <line num="239" count="9" type="stmt"/>
      <line num="240" count="9" type="stmt"/>
      <line num="241" count="9" type="stmt"/>
      <line num="242" count="9" type="stmt"/>
      <line num="243" count="9" type="stmt"/>
      <line num="244" count="9" type="stmt"/>
      <line num="245" count="9" type="stmt"/>
      <line num="246" count="9" type="stmt"/>
      <line num="247" count="9" type="stmt"/>
      <line num="248" count="9" type="stmt"/>
      <line num="249" count="9" type="stmt"/>
      <line num="250" count="9" type="stmt"/>
      <line num="251" count="9" type="stmt"/>
      <line num="252" count="9" type="stmt"/>
      <line num="253" count="9" type="stmt"/>
      <line num="254" count="9" type="stmt"/>
      <line num="255" count="9" type="stmt"/>
      <line num="256" count="9" type="stmt"/>
      <line num="257" count="9" type="stmt"/>
      <line num="258" count="9" type="stmt"/>
      <line num="259" count="9" type="stmt"/>
      <line num="260" count="9" type="stmt"/>
      <line num="261" count="9" type="stmt"/>
      <line num="262" count="9" type="stmt"/>
      <line num="263" count="9" type="stmt"/>
      <line num="264" count="9" type="stmt"/>
      <line num="265" count="9" type="stmt"/>
      <line num="266" count="9" type="stmt"/>
      <line num="267" count="9" type="stmt"/>
      <line num="268" count="9" type="stmt"/>
      <line num="269" count="9" type="stmt"/>
      <line num="270" count="9" type="stmt"/>
      <line num="271" count="9" type="stmt"/>
      <line num="272" count="9" type="stmt"/>
      <line num="273" count="9" type="stmt"/>
      <line num="274" count="9" type="stmt"/>
      <line num="275" count="9" type="stmt"/>
      <line num="276" count="9" type="stmt"/>
      <line num="277" count="9" type="stmt"/>
      <line num="278" count="9" type="stmt"/>
      <line num="279" count="9" type="stmt"/>
      <line num="280" count="9" type="stmt"/>
      <line num="281" count="9" type="stmt"/>
      <line num="282" count="9" type="stmt"/>
      <line num="283" count="9" type="stmt"/>
      <line num="284" count="9" type="stmt"/>
      <line num="285" count="9" type="stmt"/>
      <line num="286" count="9" type="stmt"/>
      <line num="287" count="9" type="stmt"/>
      <line num="288" count="9" type="stmt"/>
      <line num="289" count="9" type="stmt"/>
      <line num="290" count="9" type="stmt"/>
      <line num="291" count="9" type="stmt"/>
      <line num="292" count="9" type="stmt"/>
      <line num="293" count="9" type="stmt"/>
      <line num="294" count="9" type="stmt"/>
      <line num="295" count="9" type="stmt"/>
      <line num="296" count="9" type="stmt"/>
      <line num="297" count="9" type="stmt"/>
      <line num="298" count="9" type="stmt"/>
      <line num="299" count="9" type="stmt"/>
      <line num="300" count="9" type="stmt"/>
      <line num="301" count="9" type="stmt"/>
      <line num="302" count="9" type="stmt"/>
      <line num="303" count="9" type="stmt"/>
      <line num="304" count="9" type="stmt"/>
      <line num="305" count="9" type="stmt"/>
      <line num="306" count="9" type="stmt"/>
      <line num="307" count="9" type="stmt"/>
      <line num="308" count="9" type="stmt"/>
      <line num="309" count="9" type="stmt"/>
      <line num="310" count="9" type="stmt"/>
      <line num="311" count="9" type="stmt"/>
      <line num="312" count="9" type="stmt"/>
      <line num="313" count="9" type="stmt"/>
      <line num="314" count="9" type="stmt"/>
      <line num="315" count="9" type="stmt"/>
      <line num="316" count="9" type="stmt"/>
      <line num="317" count="9" type="stmt"/>
      <line num="318" count="9" type="stmt"/>
      <line num="319" count="9" type="stmt"/>
      <line num="320" count="9" type="stmt"/>
      <line num="321" count="9" type="stmt"/>
      <line num="322" count="9" type="stmt"/>
      <line num="323" count="9" type="stmt"/>
      <line num="324" count="9" type="stmt"/>
      <line num="325" count="9" type="stmt"/>
      <line num="326" count="9" type="stmt"/>
      <line num="327" count="1" type="cond" truecount="1" falsecount="0"/>
    </file>
    <file name="ClassOneBook.tsx" path="C:\Users\ksan4\Desktop\rs-react\components\src\components\ClassOneBook.tsx">
      <metrics statements="72" coveredstatements="67" conditionals="7" coveredconditionals="6" methods="5" coveredmethods="5"/>
      <line num="1" count="1" type="stmt"/>
      <line num="2" count="1" type="stmt"/>
      <line num="3" count="1" type="stmt"/>
      <line num="4" count="1" type="stmt"/>
      <line num="5" count="1" type="cond" truecount="1" falsecount="0"/>
      <line num="6" count="52" type="stmt"/>
      <line num="7" count="1" type="cond" truecount="1" falsecount="0"/>
      <line num="8" count="52" type="stmt"/>
      <line num="9" count="52" type="stmt"/>
      <line num="10" count="52" type="stmt"/>
      <line num="11" count="52" type="stmt"/>
      <line num="12" count="52" type="stmt"/>
      <line num="13" count="52" type="stmt"/>
      <line num="14" count="52" type="stmt"/>
      <line num="15" count="52" type="stmt"/>
      <line num="16" count="52" type="stmt"/>
      <line num="17" count="52" type="stmt"/>
      <line num="18" count="52" type="stmt"/>
      <line num="19" count="52" type="stmt"/>
      <line num="20" count="52" type="stmt"/>
      <line num="21" count="52" type="stmt"/>
      <line num="22" count="52" type="cond" truecount="0" falsecount="1"/>
      <line num="23" count="0" type="stmt"/>
      <line num="24" count="0" type="stmt"/>
      <line num="25" count="0" type="stmt"/>
      <line num="26" count="0" type="stmt"/>
      <line num="27" count="0" type="stmt"/>
      <line num="28" count="52" type="stmt"/>
      <line num="29" count="52" type="stmt"/>
      <line num="30" count="1" type="cond" truecount="1" falsecount="0"/>
      <line num="31" count="2" type="cond" truecount="1" falsecount="0"/>
      <line num="32" count="1" type="stmt"/>
      <line num="33" count="1" type="stmt"/>
      <line num="34" count="1" type="stmt"/>
      <line num="35" count="1" type="stmt"/>
      <line num="36" count="2" type="stmt"/>
      <line num="37" count="1" type="stmt"/>
      <line num="38" count="1" type="cond" truecount="1" falsecount="0"/>
      <line num="39" count="54" type="stmt"/>
      <line num="40" count="54" type="stmt"/>
      <line num="41" count="54" type="stmt"/>
      <line num="42" count="54" type="stmt"/>
      <line num="43" count="54" type="stmt"/>
      <line num="44" count="54" type="stmt"/>
      <line num="45" count="54" type="stmt"/>
      <line num="46" count="54" type="stmt"/>
      <line num="47" count="54" type="stmt"/>
      <line num="48" count="54" type="stmt"/>
      <line num="49" count="54" type="stmt"/>
      <line num="50" count="54" type="stmt"/>
      <line num="51" count="54" type="stmt"/>
      <line num="52" count="54" type="stmt"/>
      <line num="53" count="54" type="stmt"/>
      <line num="54" count="54" type="stmt"/>
      <line num="55" count="54" type="stmt"/>
      <line num="56" count="54" type="stmt"/>
      <line num="57" count="54" type="stmt"/>
      <line num="58" count="54" type="stmt"/>
      <line num="59" count="54" type="stmt"/>
      <line num="60" count="54" type="stmt"/>
      <line num="61" count="54" type="stmt"/>
      <line num="62" count="54" type="stmt"/>
      <line num="63" count="54" type="stmt"/>
      <line num="64" count="54" type="stmt"/>
      <line num="65" count="54" type="stmt"/>
      <line num="66" count="54" type="stmt"/>
      <line num="67" count="54" type="stmt"/>
      <line num="68" count="54" type="stmt"/>
      <line num="69" count="54" type="stmt"/>
      <line num="70" count="54" type="stmt"/>
      <line num="71" count="54" type="stmt"/>
      <line num="72" count="52" type="cond" truecount="1" falsecount="0"/>
    </file>
    <file name="ClassOptions.tsx" path="C:\Users\ksan4\Desktop\rs-react\components\src\components\ClassOptions.tsx">
      <metrics statements="21" coveredstatements="21" conditionals="6" coveredconditionals="6" methods="4" coveredmethods="4"/>
      <line num="1" count="1" type="stmt"/>
      <line num="2" count="1" type="stmt"/>
      <line num="3" count="1" type="stmt"/>
      <line num="4" count="1" type="cond" truecount="1" falsecount="0"/>
      <line num="5" count="1" type="cond" truecount="1" falsecount="0"/>
      <line num="6" count="1" type="stmt"/>
      <line num="7" count="1" type="cond" truecount="1" falsecount="0"/>
      <line num="8" count="1" type="stmt"/>
      <line num="9" count="1" type="cond" truecount="1" falsecount="0"/>
      <line num="10" count="9" type="stmt"/>
      <line num="11" count="9" type="stmt"/>
      <line num="12" count="9" type="stmt"/>
      <line num="13" count="9" type="cond" truecount="1" falsecount="0"/>
      <line num="14" count="99" type="stmt"/>
      <line num="15" count="99" type="stmt"/>
      <line num="16" count="99" type="stmt"/>
      <line num="17" count="9" type="stmt"/>
      <line num="18" count="9" type="stmt"/>
      <line num="19" count="9" type="stmt"/>
      <line num="20" count="9" type="stmt"/>
      <line num="21" count="9" type="cond" truecount="1" falsecount="0"/>
    </file>
  </project>
</coverage>
