{"C:\\Users\\ksan4\\Desktop\\rs-react\\components\\src\\components\\ClassCardsBooks.tsx": {"path":"C:\\Users\\ksan4\\Desktop\\rs-react\\components\\src\\components\\ClassCardsBooks.tsx","all":false,"statementMap":{"0":{"start":{"line":1,"column":0},"end":{"line":1,"column":26}},"1":{"start":{"line":2,"column":0},"end":{"line":2,"column":41}},"2":{"start":{"line":3,"column":0},"end":{"line":3,"column":58}},"3":{"start":{"line":4,"column":0},"end":{"line":4,"column":0}},"4":{"start":{"line":5,"column":0},"end":{"line":5,"column":42}},"5":{"start":{"line":6,"column":0},"end":{"line":6,"column":47}},"6":{"start":{"line":7,"column":0},"end":{"line":7,"column":21}},"7":{"start":{"line":8,"column":0},"end":{"line":8,"column":45}},"8":{"start":{"line":9,"column":0},"end":{"line":9,"column":17}},"9":{"start":{"line":10,"column":0},"end":{"line":10,"column":32}},"10":{"start":{"line":11,"column":0},"end":{"line":11,"column":0}},"11":{"start":{"line":12,"column":0},"end":{"line":12,"column":3}},"12":{"start":{"line":13,"column":0},"end":{"line":13,"column":12}},"13":{"start":{"line":14,"column":0},"end":{"line":14,"column":13}},"14":{"start":{"line":15,"column":0},"end":{"line":15,"column":27}},"15":{"start":{"line":16,"column":0},"end":{"line":16,"column":42}},"16":{"start":{"line":17,"column":0},"end":{"line":17,"column":48}},"17":{"start":{"line":18,"column":0},"end":{"line":18,"column":11}},"18":{"start":{"line":19,"column":0},"end":{"line":19,"column":12}},"19":{"start":{"line":20,"column":0},"end":{"line":20,"column":7}},"20":{"start":{"line":21,"column":0},"end":{"line":21,"column":3}},"21":{"start":{"line":22,"column":0},"end":{"line":22,"column":1}},"22":{"start":{"line":23,"column":0},"end":{"line":23,"column":0}},"23":{"start":{"line":24,"column":0},"end":{"line":24,"column":31}}},"s":{"0":1,"1":1,"2":1,"3":1,"4":1,"5":1,"6":1,"7":1,"8":1,"9":1,"10":1,"11":1,"12":1,"13":1,"14":1,"15":1,"16":51,"17":1,"18":1,"19":1,"20":1,"21":1,"22":1,"23":1},"branchMap":{"0":{"type":"branch","line":7,"loc":{"start":{"line":7,"column":4},"end":{"line":7,"column":21}},"locations":[{"start":{"line":7,"column":4},"end":{"line":7,"column":21}}]},"1":{"type":"branch","line":8,"loc":{"start":{"line":8,"column":2},"end":{"line":12,"column":3}},"locations":[{"start":{"line":8,"column":2},"end":{"line":12,"column":3}}]},"2":{"type":"branch","line":13,"loc":{"start":{"line":13,"column":2},"end":{"line":21,"column":3}},"locations":[{"start":{"line":13,"column":2},"end":{"line":21,"column":3}}]},"3":{"type":"branch","line":16,"loc":{"start":{"line":16,"column":24},"end":{"line":17,"column":48}},"locations":[{"start":{"line":16,"column":24},"end":{"line":17,"column":48}}]}},"b":{"0":[1],"1":[1],"2":[1],"3":[51]},"fnMap":{"0":{"name":"<instance_members_initializer>","decl":{"start":{"line":7,"column":4},"end":{"line":7,"column":21}},"loc":{"start":{"line":7,"column":4},"end":{"line":7,"column":21}},"line":7},"1":{"name":"ClassCardsBooks","decl":{"start":{"line":8,"column":2},"end":{"line":12,"column":3}},"loc":{"start":{"line":8,"column":2},"end":{"line":12,"column":3}},"line":8},"2":{"name":"render","decl":{"start":{"line":13,"column":2},"end":{"line":21,"column":3}},"loc":{"start":{"line":13,"column":2},"end":{"line":21,"column":3}},"line":13}},"f":{"0":1,"1":1,"2":1}}
,"C:\\Users\\ksan4\\Desktop\\rs-react\\components\\src\\components\\ClassOneBook.tsx": {"path":"C:\\Users\\ksan4\\Desktop\\rs-react\\components\\src\\components\\ClassOneBook.tsx","all":false,"statementMap":{"0":{"start":{"line":1,"column":0},"end":{"line":1,"column":43}},"1":{"start":{"line":2,"column":0},"end":{"line":2,"column":54}},"2":{"start":{"line":3,"column":0},"end":{"line":3,"column":0}},"3":{"start":{"line":4,"column":0},"end":{"line":4,"column":38}},"4":{"start":{"line":5,"column":0},"end":{"line":5,"column":51}},"5":{"start":{"line":6,"column":0},"end":{"line":6,"column":17}},"6":{"start":{"line":7,"column":0},"end":{"line":7,"column":23}},"7":{"start":{"line":8,"column":0},"end":{"line":8,"column":45}},"8":{"start":{"line":9,"column":0},"end":{"line":9,"column":17}},"9":{"start":{"line":10,"column":0},"end":{"line":10,"column":17}},"10":{"start":{"line":11,"column":0},"end":{"line":11,"column":27}},"11":{"start":{"line":12,"column":0},"end":{"line":12,"column":23}},"12":{"start":{"line":13,"column":0},"end":{"line":13,"column":25}},"13":{"start":{"line":14,"column":0},"end":{"line":14,"column":21}},"14":{"start":{"line":15,"column":0},"end":{"line":15,"column":25}},"15":{"start":{"line":16,"column":0},"end":{"line":16,"column":23}},"16":{"start":{"line":17,"column":0},"end":{"line":17,"column":6}},"17":{"start":{"line":18,"column":0},"end":{"line":18,"column":18}},"18":{"start":{"line":19,"column":0},"end":{"line":19,"column":15}},"19":{"start":{"line":20,"column":0},"end":{"line":20,"column":16}},"20":{"start":{"line":21,"column":0},"end":{"line":21,"column":6}},"21":{"start":{"line":22,"column":0},"end":{"line":22,"column":51}},"22":{"start":{"line":23,"column":0},"end":{"line":23,"column":3}},"23":{"start":{"line":24,"column":0},"end":{"line":24,"column":17}},"24":{"start":{"line":25,"column":0},"end":{"line":25,"column":27}},"25":{"start":{"line":26,"column":0},"end":{"line":26,"column":69}},"26":{"start":{"line":27,"column":0},"end":{"line":27,"column":12}},"27":{"start":{"line":28,"column":0},"end":{"line":28,"column":63}},"28":{"start":{"line":29,"column":0},"end":{"line":29,"column":5}},"29":{"start":{"line":30,"column":0},"end":{"line":30,"column":3}},"30":{"start":{"line":31,"column":0},"end":{"line":31,"column":0}},"31":{"start":{"line":32,"column":0},"end":{"line":32,"column":12}},"32":{"start":{"line":33,"column":0},"end":{"line":33,"column":12}},"33":{"start":{"line":34,"column":0},"end":{"line":34,"column":8}},"34":{"start":{"line":35,"column":0},"end":{"line":35,"column":30}},"35":{"start":{"line":36,"column":0},"end":{"line":36,"column":59}},"36":{"start":{"line":37,"column":0},"end":{"line":37,"column":38}},"37":{"start":{"line":38,"column":0},"end":{"line":38,"column":40}},"38":{"start":{"line":39,"column":0},"end":{"line":39,"column":64}},"39":{"start":{"line":40,"column":0},"end":{"line":40,"column":42}},"40":{"start":{"line":41,"column":0},"end":{"line":41,"column":35}},"41":{"start":{"line":42,"column":0},"end":{"line":42,"column":32}},"42":{"start":{"line":43,"column":0},"end":{"line":43,"column":20}},"43":{"start":{"line":44,"column":0},"end":{"line":44,"column":18}},"44":{"start":{"line":45,"column":0},"end":{"line":45,"column":0}},"45":{"start":{"line":46,"column":0},"end":{"line":46,"column":42}},"46":{"start":{"line":47,"column":0},"end":{"line":47,"column":35}},"47":{"start":{"line":48,"column":0},"end":{"line":48,"column":32}},"48":{"start":{"line":49,"column":0},"end":{"line":49,"column":18}},"49":{"start":{"line":50,"column":0},"end":{"line":50,"column":41}},"50":{"start":{"line":51,"column":0},"end":{"line":51,"column":34}},"51":{"start":{"line":52,"column":0},"end":{"line":52,"column":31}},"52":{"start":{"line":53,"column":0},"end":{"line":53,"column":18}},"53":{"start":{"line":54,"column":0},"end":{"line":54,"column":62}},"54":{"start":{"line":55,"column":0},"end":{"line":55,"column":68}},"55":{"start":{"line":56,"column":0},"end":{"line":56,"column":76}},"56":{"start":{"line":57,"column":0},"end":{"line":57,"column":54}},"57":{"start":{"line":58,"column":0},"end":{"line":58,"column":20}},"58":{"start":{"line":59,"column":0},"end":{"line":59,"column":45}},"59":{"start":{"line":60,"column":0},"end":{"line":60,"column":18}},"60":{"start":{"line":61,"column":0},"end":{"line":61,"column":16}},"61":{"start":{"line":62,"column":0},"end":{"line":62,"column":14}},"62":{"start":{"line":63,"column":0},"end":{"line":63,"column":9}},"63":{"start":{"line":64,"column":0},"end":{"line":64,"column":6}},"64":{"start":{"line":65,"column":0},"end":{"line":65,"column":3}},"65":{"start":{"line":66,"column":0},"end":{"line":66,"column":1}}},"s":{"0":1,"1":1,"2":1,"3":1,"4":1,"5":1,"6":52,"7":1,"8":52,"9":52,"10":52,"11":52,"12":52,"13":52,"14":52,"15":52,"16":52,"17":52,"18":52,"19":52,"20":52,"21":52,"22":52,"23":1,"24":2,"25":1,"26":1,"27":1,"28":1,"29":2,"30":1,"31":1,"32":54,"33":54,"34":54,"35":54,"36":54,"37":54,"38":54,"39":54,"40":54,"41":54,"42":54,"43":54,"44":54,"45":54,"46":54,"47":54,"48":54,"49":54,"50":54,"51":54,"52":54,"53":54,"54":54,"55":54,"56":54,"57":54,"58":54,"59":54,"60":54,"61":54,"62":54,"63":54,"64":54,"65":52},"branchMap":{"0":{"type":"branch","line":6,"loc":{"start":{"line":6,"column":2},"end":{"line":7,"column":23}},"locations":[{"start":{"line":6,"column":2},"end":{"line":7,"column":23}}]},"1":{"type":"branch","line":8,"loc":{"start":{"line":8,"column":2},"end":{"line":23,"column":3}},"locations":[{"start":{"line":8,"column":2},"end":{"line":23,"column":3}}]},"2":{"type":"branch","line":24,"loc":{"start":{"line":24,"column":2},"end":{"line":30,"column":3}},"locations":[{"start":{"line":24,"column":2},"end":{"line":30,"column":3}}]},"3":{"type":"branch","line":25,"loc":{"start":{"line":25,"column":26},"end":{"line":29,"column":5}},"locations":[{"start":{"line":25,"column":26},"end":{"line":29,"column":5}}]},"4":{"type":"branch","line":32,"loc":{"start":{"line":32,"column":2},"end":{"line":65,"column":3}},"locations":[{"start":{"line":32,"column":2},"end":{"line":65,"column":3}}]},"5":{"type":"branch","line":66,"loc":{"start":{"line":66,"column":0},"end":{"line":66,"column":1}},"locations":[{"start":{"line":66,"column":0},"end":{"line":66,"column":1}}]}},"b":{"0":[52],"1":[52],"2":[2],"3":[1],"4":[54],"5":[52]},"fnMap":{"0":{"name":"<instance_members_initializer>","decl":{"start":{"line":6,"column":2},"end":{"line":7,"column":23}},"loc":{"start":{"line":6,"column":2},"end":{"line":7,"column":23}},"line":6},"1":{"name":"ClassOneBook","decl":{"start":{"line":8,"column":2},"end":{"line":23,"column":3}},"loc":{"start":{"line":8,"column":2},"end":{"line":23,"column":3}},"line":8},"2":{"name":"changeState","decl":{"start":{"line":24,"column":2},"end":{"line":30,"column":3}},"loc":{"start":{"line":24,"column":2},"end":{"line":30,"column":3}},"line":24},"3":{"name":"render","decl":{"start":{"line":32,"column":2},"end":{"line":65,"column":3}},"loc":{"start":{"line":32,"column":2},"end":{"line":65,"column":3}},"line":32},"4":{"name":"get","decl":{"start":{"line":66,"column":0},"end":{"line":66,"column":1}},"loc":{"start":{"line":66,"column":0},"end":{"line":66,"column":1}},"line":66}},"f":{"0":52,"1":52,"2":2,"3":54,"4":52}}
}
