{"C:\\Users\\ksan4\\Desktop\\rs-react\\components\\src\\components\\ClassCardsBooks.tsx": {"path":"C:\\Users\\ksan4\\Desktop\\rs-react\\components\\src\\components\\ClassCardsBooks.tsx","all":false,"statementMap":{"0":{"start":{"line":1,"column":0},"end":{"line":1,"column":26}},"1":{"start":{"line":2,"column":0},"end":{"line":2,"column":0}},"2":{"start":{"line":3,"column":0},"end":{"line":3,"column":58}},"3":{"start":{"line":4,"column":0},"end":{"line":4,"column":0}},"4":{"start":{"line":5,"column":0},"end":{"line":5,"column":42}},"5":{"start":{"line":6,"column":0},"end":{"line":6,"column":47}},"6":{"start":{"line":7,"column":0},"end":{"line":7,"column":20}},"7":{"start":{"line":8,"column":0},"end":{"line":8,"column":45}},"8":{"start":{"line":9,"column":0},"end":{"line":9,"column":17}},"9":{"start":{"line":10,"column":0},"end":{"line":10,"column":29}},"10":{"start":{"line":11,"column":0},"end":{"line":11,"column":3}},"11":{"start":{"line":12,"column":0},"end":{"line":12,"column":12}},"12":{"start":{"line":13,"column":0},"end":{"line":13,"column":22}},"13":{"start":{"line":14,"column":0},"end":{"line":14,"column":13}},"14":{"start":{"line":15,"column":0},"end":{"line":15,"column":5}},"15":{"start":{"line":16,"column":0},"end":{"line":16,"column":12}},"16":{"start":{"line":17,"column":0},"end":{"line":17,"column":8}},"17":{"start":{"line":18,"column":0},"end":{"line":18,"column":31}},"18":{"start":{"line":19,"column":0},"end":{"line":19,"column":44}},"19":{"start":{"line":20,"column":0},"end":{"line":20,"column":50}},"20":{"start":{"line":21,"column":0},"end":{"line":21,"column":13}},"21":{"start":{"line":22,"column":0},"end":{"line":22,"column":14}},"22":{"start":{"line":23,"column":0},"end":{"line":23,"column":9}},"23":{"start":{"line":24,"column":0},"end":{"line":24,"column":6}},"24":{"start":{"line":25,"column":0},"end":{"line":25,"column":3}},"25":{"start":{"line":26,"column":0},"end":{"line":26,"column":1}},"26":{"start":{"line":27,"column":0},"end":{"line":27,"column":0}},"27":{"start":{"line":28,"column":0},"end":{"line":28,"column":31}}},"s":{"0":1,"1":1,"2":1,"3":1,"4":1,"5":1,"6":1,"7":1,"8":3,"9":3,"10":3,"11":1,"12":11,"13":1,"14":1,"15":10,"16":10,"17":10,"18":10,"19":51,"20":10,"21":10,"22":10,"23":11,"24":11,"25":1,"26":1,"27":1},"branchMap":{"0":{"type":"branch","line":7,"loc":{"start":{"line":7,"column":2},"end":{"line":7,"column":20}},"locations":[{"start":{"line":7,"column":2},"end":{"line":7,"column":20}}]},"1":{"type":"branch","line":8,"loc":{"start":{"line":8,"column":2},"end":{"line":11,"column":3}},"locations":[{"start":{"line":8,"column":2},"end":{"line":11,"column":3}}]},"2":{"type":"branch","line":12,"loc":{"start":{"line":12,"column":2},"end":{"line":25,"column":3}},"locations":[{"start":{"line":12,"column":2},"end":{"line":25,"column":3}}]},"3":{"type":"branch","line":13,"loc":{"start":{"line":13,"column":21},"end":{"line":23,"column":9}},"locations":[{"start":{"line":13,"column":21},"end":{"line":23,"column":9}}]},"4":{"type":"branch","line":13,"loc":{"start":{"line":13,"column":21},"end":{"line":15,"column":5}},"locations":[{"start":{"line":13,"column":21},"end":{"line":15,"column":5}}]},"5":{"type":"branch","line":19,"loc":{"start":{"line":19,"column":26},"end":{"line":20,"column":50}},"locations":[{"start":{"line":19,"column":26},"end":{"line":20,"column":50}}]}},"b":{"0":[3],"1":[3],"2":[11],"3":[10],"4":[1],"5":[51]},"fnMap":{"0":{"name":"<instance_members_initializer>","decl":{"start":{"line":7,"column":2},"end":{"line":7,"column":20}},"loc":{"start":{"line":7,"column":2},"end":{"line":7,"column":20}},"line":7},"1":{"name":"ClassCardsBooks","decl":{"start":{"line":8,"column":2},"end":{"line":11,"column":3}},"loc":{"start":{"line":8,"column":2},"end":{"line":11,"column":3}},"line":8},"2":{"name":"render","decl":{"start":{"line":12,"column":2},"end":{"line":25,"column":3}},"loc":{"start":{"line":12,"column":2},"end":{"line":25,"column":3}},"line":12}},"f":{"0":3,"1":3,"2":11}}
,"C:\\Users\\ksan4\\Desktop\\rs-react\\components\\src\\components\\ClassFormAddBook.tsx": {"path":"C:\\Users\\ksan4\\Desktop\\rs-react\\components\\src\\components\\ClassFormAddBook.tsx","all":false,"statementMap":{"0":{"start":{"line":1,"column":0},"end":{"line":1,"column":65}},"1":{"start":{"line":2,"column":0},"end":{"line":2,"column":46}},"2":{"start":{"line":3,"column":0},"end":{"line":3,"column":58}},"3":{"start":{"line":4,"column":0},"end":{"line":4,"column":48}},"4":{"start":{"line":5,"column":0},"end":{"line":5,"column":0}},"5":{"start":{"line":6,"column":0},"end":{"line":6,"column":55}},"6":{"start":{"line":7,"column":0},"end":{"line":7,"column":37}},"7":{"start":{"line":8,"column":0},"end":{"line":8,"column":36}},"8":{"start":{"line":9,"column":0},"end":{"line":9,"column":42}},"9":{"start":{"line":10,"column":0},"end":{"line":10,"column":46}},"10":{"start":{"line":11,"column":0},"end":{"line":11,"column":47}},"11":{"start":{"line":12,"column":0},"end":{"line":12,"column":49}},"12":{"start":{"line":13,"column":0},"end":{"line":13,"column":45}},"13":{"start":{"line":14,"column":0},"end":{"line":14,"column":40}},"14":{"start":{"line":15,"column":0},"end":{"line":15,"column":39}},"15":{"start":{"line":16,"column":0},"end":{"line":16,"column":0}},"16":{"start":{"line":17,"column":0},"end":{"line":17,"column":41}},"17":{"start":{"line":18,"column":0},"end":{"line":18,"column":39}},"18":{"start":{"line":19,"column":0},"end":{"line":19,"column":18}},"19":{"start":{"line":20,"column":0},"end":{"line":20,"column":22}},"20":{"start":{"line":21,"column":0},"end":{"line":21,"column":45}},"21":{"start":{"line":22,"column":0},"end":{"line":22,"column":17}},"22":{"start":{"line":23,"column":0},"end":{"line":23,"column":53}},"23":{"start":{"line":24,"column":0},"end":{"line":24,"column":35}},"24":{"start":{"line":25,"column":0},"end":{"line":25,"column":34}},"25":{"start":{"line":26,"column":0},"end":{"line":26,"column":34}},"26":{"start":{"line":27,"column":0},"end":{"line":27,"column":39}},"27":{"start":{"line":28,"column":0},"end":{"line":28,"column":44}},"28":{"start":{"line":29,"column":0},"end":{"line":29,"column":45}},"29":{"start":{"line":30,"column":0},"end":{"line":30,"column":47}},"30":{"start":{"line":31,"column":0},"end":{"line":31,"column":43}},"31":{"start":{"line":32,"column":0},"end":{"line":32,"column":38}},"32":{"start":{"line":33,"column":0},"end":{"line":33,"column":37}},"33":{"start":{"line":34,"column":0},"end":{"line":34,"column":39}},"34":{"start":{"line":35,"column":0},"end":{"line":35,"column":0}},"35":{"start":{"line":36,"column":0},"end":{"line":36,"column":18}},"36":{"start":{"line":37,"column":0},"end":{"line":37,"column":14}},"37":{"start":{"line":38,"column":0},"end":{"line":38,"column":18}},"38":{"start":{"line":39,"column":0},"end":{"line":39,"column":8}},"39":{"start":{"line":40,"column":0},"end":{"line":40,"column":21}},"40":{"start":{"line":41,"column":0},"end":{"line":41,"column":20}},"41":{"start":{"line":42,"column":0},"end":{"line":42,"column":20}},"42":{"start":{"line":43,"column":0},"end":{"line":43,"column":22}},"43":{"start":{"line":44,"column":0},"end":{"line":44,"column":21}},"44":{"start":{"line":45,"column":0},"end":{"line":45,"column":20}},"45":{"start":{"line":46,"column":0},"end":{"line":46,"column":21}},"46":{"start":{"line":47,"column":0},"end":{"line":47,"column":6}},"47":{"start":{"line":48,"column":0},"end":{"line":48,"column":41}},"48":{"start":{"line":49,"column":0},"end":{"line":49,"column":27}},"49":{"start":{"line":50,"column":0},"end":{"line":50,"column":3}},"50":{"start":{"line":51,"column":0},"end":{"line":51,"column":39}},"51":{"start":{"line":52,"column":0},"end":{"line":52,"column":14}},"52":{"start":{"line":53,"column":0},"end":{"line":53,"column":27}},"53":{"start":{"line":54,"column":0},"end":{"line":54,"column":58}},"54":{"start":{"line":55,"column":0},"end":{"line":55,"column":14}},"55":{"start":{"line":56,"column":0},"end":{"line":56,"column":46}},"56":{"start":{"line":57,"column":0},"end":{"line":57,"column":82}},"57":{"start":{"line":58,"column":0},"end":{"line":58,"column":49}},"58":{"start":{"line":59,"column":0},"end":{"line":59,"column":7}},"59":{"start":{"line":60,"column":0},"end":{"line":60,"column":12}},"60":{"start":{"line":61,"column":0},"end":{"line":61,"column":60}},"61":{"start":{"line":62,"column":0},"end":{"line":62,"column":5}},"62":{"start":{"line":63,"column":0},"end":{"line":63,"column":3}},"63":{"start":{"line":64,"column":0},"end":{"line":64,"column":38}},"64":{"start":{"line":65,"column":0},"end":{"line":65,"column":14}},"65":{"start":{"line":66,"column":0},"end":{"line":66,"column":28}},"66":{"start":{"line":67,"column":0},"end":{"line":67,"column":57}},"67":{"start":{"line":68,"column":0},"end":{"line":68,"column":14}},"68":{"start":{"line":69,"column":0},"end":{"line":69,"column":46}},"69":{"start":{"line":70,"column":0},"end":{"line":70,"column":80}},"70":{"start":{"line":71,"column":0},"end":{"line":71,"column":48}},"71":{"start":{"line":72,"column":0},"end":{"line":72,"column":7}},"72":{"start":{"line":73,"column":0},"end":{"line":73,"column":12}},"73":{"start":{"line":74,"column":0},"end":{"line":74,"column":58}},"74":{"start":{"line":75,"column":0},"end":{"line":75,"column":5}},"75":{"start":{"line":76,"column":0},"end":{"line":76,"column":3}},"76":{"start":{"line":77,"column":0},"end":{"line":77,"column":0}},"77":{"start":{"line":78,"column":0},"end":{"line":78,"column":38}},"78":{"start":{"line":79,"column":0},"end":{"line":79,"column":14}},"79":{"start":{"line":80,"column":0},"end":{"line":80,"column":48}},"80":{"start":{"line":81,"column":0},"end":{"line":81,"column":47}},"81":{"start":{"line":82,"column":0},"end":{"line":82,"column":30}},"82":{"start":{"line":83,"column":0},"end":{"line":83,"column":66}},"83":{"start":{"line":84,"column":0},"end":{"line":84,"column":46}},"84":{"start":{"line":85,"column":0},"end":{"line":85,"column":12}},"85":{"start":{"line":86,"column":0},"end":{"line":86,"column":58}},"86":{"start":{"line":87,"column":0},"end":{"line":87,"column":5}},"87":{"start":{"line":88,"column":0},"end":{"line":88,"column":3}},"88":{"start":{"line":89,"column":0},"end":{"line":89,"column":40}},"89":{"start":{"line":90,"column":0},"end":{"line":90,"column":34}},"90":{"start":{"line":91,"column":0},"end":{"line":91,"column":57}},"91":{"start":{"line":92,"column":0},"end":{"line":92,"column":12}},"92":{"start":{"line":93,"column":0},"end":{"line":93,"column":41}},"93":{"start":{"line":94,"column":0},"end":{"line":94,"column":5}},"94":{"start":{"line":95,"column":0},"end":{"line":95,"column":3}},"95":{"start":{"line":96,"column":0},"end":{"line":96,"column":16}},"96":{"start":{"line":97,"column":0},"end":{"line":97,"column":8}},"97":{"start":{"line":98,"column":0},"end":{"line":98,"column":48}},"98":{"start":{"line":99,"column":0},"end":{"line":99,"column":46}},"99":{"start":{"line":100,"column":0},"end":{"line":100,"column":44}},"100":{"start":{"line":101,"column":0},"end":{"line":101,"column":42}},"101":{"start":{"line":102,"column":0},"end":{"line":102,"column":7}},"102":{"start":{"line":103,"column":0},"end":{"line":103,"column":40}},"103":{"start":{"line":104,"column":0},"end":{"line":104,"column":77}},"104":{"start":{"line":105,"column":0},"end":{"line":105,"column":3}},"105":{"start":{"line":106,"column":0},"end":{"line":106,"column":16}},"106":{"start":{"line":107,"column":0},"end":{"line":107,"column":72}},"107":{"start":{"line":108,"column":0},"end":{"line":108,"column":40}},"108":{"start":{"line":109,"column":0},"end":{"line":109,"column":63}},"109":{"start":{"line":110,"column":0},"end":{"line":110,"column":3}},"110":{"start":{"line":111,"column":0},"end":{"line":111,"column":38}},"111":{"start":{"line":112,"column":0},"end":{"line":112,"column":14}},"112":{"start":{"line":113,"column":0},"end":{"line":113,"column":38}},"113":{"start":{"line":114,"column":0},"end":{"line":114,"column":68}},"114":{"start":{"line":115,"column":0},"end":{"line":115,"column":95}},"115":{"start":{"line":116,"column":0},"end":{"line":116,"column":41}},"116":{"start":{"line":117,"column":0},"end":{"line":117,"column":14}},"117":{"start":{"line":118,"column":0},"end":{"line":118,"column":80}},"118":{"start":{"line":119,"column":0},"end":{"line":119,"column":7}},"119":{"start":{"line":120,"column":0},"end":{"line":120,"column":12}},"120":{"start":{"line":121,"column":0},"end":{"line":121,"column":56}},"121":{"start":{"line":122,"column":0},"end":{"line":122,"column":5}},"122":{"start":{"line":123,"column":0},"end":{"line":123,"column":3}},"123":{"start":{"line":124,"column":0},"end":{"line":124,"column":46}},"124":{"start":{"line":125,"column":0},"end":{"line":125,"column":32}},"125":{"start":{"line":126,"column":0},"end":{"line":126,"column":50}},"126":{"start":{"line":127,"column":0},"end":{"line":127,"column":31}},"127":{"start":{"line":128,"column":0},"end":{"line":128,"column":29}},"128":{"start":{"line":129,"column":0},"end":{"line":129,"column":49}},"129":{"start":{"line":130,"column":0},"end":{"line":130,"column":56}},"130":{"start":{"line":131,"column":0},"end":{"line":131,"column":52}},"131":{"start":{"line":132,"column":0},"end":{"line":132,"column":52}},"132":{"start":{"line":133,"column":0},"end":{"line":133,"column":49}},"133":{"start":{"line":134,"column":0},"end":{"line":134,"column":49}},"134":{"start":{"line":135,"column":0},"end":{"line":135,"column":52}},"135":{"start":{"line":136,"column":0},"end":{"line":136,"column":3}},"136":{"start":{"line":137,"column":0},"end":{"line":137,"column":0}},"137":{"start":{"line":138,"column":0},"end":{"line":138,"column":34}},"138":{"start":{"line":139,"column":0},"end":{"line":139,"column":27}},"139":{"start":{"line":140,"column":0},"end":{"line":140,"column":28}},"140":{"start":{"line":141,"column":0},"end":{"line":141,"column":23}},"141":{"start":{"line":142,"column":0},"end":{"line":142,"column":42}},"142":{"start":{"line":143,"column":0},"end":{"line":143,"column":44}},"143":{"start":{"line":144,"column":0},"end":{"line":144,"column":42}},"144":{"start":{"line":145,"column":0},"end":{"line":145,"column":47}},"145":{"start":{"line":146,"column":0},"end":{"line":146,"column":49}},"146":{"start":{"line":147,"column":0},"end":{"line":147,"column":16}},"147":{"start":{"line":148,"column":0},"end":{"line":148,"column":27}},"148":{"start":{"line":149,"column":0},"end":{"line":149,"column":25}},"149":{"start":{"line":150,"column":0},"end":{"line":150,"column":25}},"150":{"start":{"line":151,"column":0},"end":{"line":151,"column":29}},"151":{"start":{"line":152,"column":0},"end":{"line":152,"column":22}},"152":{"start":{"line":153,"column":0},"end":{"line":153,"column":22}},"153":{"start":{"line":154,"column":0},"end":{"line":154,"column":25}},"154":{"start":{"line":155,"column":0},"end":{"line":155,"column":0}},"155":{"start":{"line":156,"column":0},"end":{"line":156,"column":35}},"156":{"start":{"line":157,"column":0},"end":{"line":157,"column":38}},"157":{"start":{"line":158,"column":0},"end":{"line":158,"column":36}},"158":{"start":{"line":159,"column":0},"end":{"line":159,"column":32}},"159":{"start":{"line":160,"column":0},"end":{"line":160,"column":5}},"160":{"start":{"line":161,"column":0},"end":{"line":161,"column":0}},"161":{"start":{"line":162,"column":0},"end":{"line":162,"column":19}},"162":{"start":{"line":163,"column":0},"end":{"line":163,"column":51}},"163":{"start":{"line":164,"column":0},"end":{"line":164,"column":58}},"164":{"start":{"line":165,"column":0},"end":{"line":165,"column":14}},"165":{"start":{"line":166,"column":0},"end":{"line":166,"column":49}},"166":{"start":{"line":167,"column":0},"end":{"line":167,"column":56}},"167":{"start":{"line":168,"column":0},"end":{"line":168,"column":14}},"168":{"start":{"line":169,"column":0},"end":{"line":169,"column":48}},"169":{"start":{"line":170,"column":0},"end":{"line":170,"column":55}},"170":{"start":{"line":171,"column":0},"end":{"line":171,"column":14}},"171":{"start":{"line":172,"column":0},"end":{"line":172,"column":47}},"172":{"start":{"line":173,"column":0},"end":{"line":173,"column":55}},"173":{"start":{"line":174,"column":0},"end":{"line":174,"column":14}},"174":{"start":{"line":175,"column":0},"end":{"line":175,"column":0}},"175":{"start":{"line":176,"column":0},"end":{"line":176,"column":56}},"176":{"start":{"line":177,"column":0},"end":{"line":177,"column":0}},"177":{"start":{"line":178,"column":0},"end":{"line":178,"column":48}},"178":{"start":{"line":179,"column":0},"end":{"line":179,"column":12}},"179":{"start":{"line":180,"column":0},"end":{"line":180,"column":37}},"180":{"start":{"line":181,"column":0},"end":{"line":181,"column":13}},"181":{"start":{"line":182,"column":0},"end":{"line":182,"column":18}},"182":{"start":{"line":183,"column":0},"end":{"line":183,"column":33}},"183":{"start":{"line":184,"column":0},"end":{"line":184,"column":41}},"184":{"start":{"line":185,"column":0},"end":{"line":185,"column":58}},"185":{"start":{"line":186,"column":0},"end":{"line":186,"column":64}},"186":{"start":{"line":187,"column":0},"end":{"line":187,"column":53}},"187":{"start":{"line":188,"column":0},"end":{"line":188,"column":27}},"188":{"start":{"line":189,"column":0},"end":{"line":189,"column":27}},"189":{"start":{"line":190,"column":0},"end":{"line":190,"column":23}},"190":{"start":{"line":191,"column":0},"end":{"line":191,"column":25}},"191":{"start":{"line":192,"column":0},"end":{"line":192,"column":25}},"192":{"start":{"line":193,"column":0},"end":{"line":193,"column":26}},"193":{"start":{"line":194,"column":0},"end":{"line":194,"column":48}},"194":{"start":{"line":195,"column":0},"end":{"line":195,"column":25}},"195":{"start":{"line":196,"column":0},"end":{"line":196,"column":12}},"196":{"start":{"line":197,"column":0},"end":{"line":197,"column":47}},"197":{"start":{"line":198,"column":0},"end":{"line":198,"column":53}},"198":{"start":{"line":199,"column":0},"end":{"line":199,"column":9}},"199":{"start":{"line":200,"column":0},"end":{"line":200,"column":7}},"200":{"start":{"line":201,"column":0},"end":{"line":201,"column":5}},"201":{"start":{"line":202,"column":0},"end":{"line":202,"column":3}},"202":{"start":{"line":203,"column":0},"end":{"line":203,"column":0}},"203":{"start":{"line":204,"column":0},"end":{"line":204,"column":12}},"204":{"start":{"line":205,"column":0},"end":{"line":205,"column":12}},"205":{"start":{"line":206,"column":0},"end":{"line":206,"column":8}},"206":{"start":{"line":207,"column":0},"end":{"line":207,"column":43}},"207":{"start":{"line":208,"column":0},"end":{"line":208,"column":17}},"208":{"start":{"line":209,"column":0},"end":{"line":209,"column":17}},"209":{"start":{"line":210,"column":0},"end":{"line":210,"column":99}},"210":{"start":{"line":211,"column":0},"end":{"line":211,"column":54}},"211":{"start":{"line":212,"column":0},"end":{"line":212,"column":37}},"212":{"start":{"line":213,"column":0},"end":{"line":213,"column":19}},"213":{"start":{"line":214,"column":0},"end":{"line":214,"column":18}},"214":{"start":{"line":215,"column":0},"end":{"line":215,"column":17}},"215":{"start":{"line":216,"column":0},"end":{"line":216,"column":16}},"216":{"start":{"line":217,"column":0},"end":{"line":217,"column":87}},"217":{"start":{"line":218,"column":0},"end":{"line":218,"column":53}},"218":{"start":{"line":219,"column":0},"end":{"line":219,"column":36}},"219":{"start":{"line":220,"column":0},"end":{"line":220,"column":19}},"220":{"start":{"line":221,"column":0},"end":{"line":221,"column":18}},"221":{"start":{"line":222,"column":0},"end":{"line":222,"column":16}},"222":{"start":{"line":223,"column":0},"end":{"line":223,"column":17}},"223":{"start":{"line":224,"column":0},"end":{"line":224,"column":17}},"224":{"start":{"line":225,"column":0},"end":{"line":225,"column":96}},"225":{"start":{"line":226,"column":0},"end":{"line":226,"column":53}},"226":{"start":{"line":227,"column":0},"end":{"line":227,"column":36}},"227":{"start":{"line":228,"column":0},"end":{"line":228,"column":19}},"228":{"start":{"line":229,"column":0},"end":{"line":229,"column":18}},"229":{"start":{"line":230,"column":0},"end":{"line":230,"column":29}},"230":{"start":{"line":231,"column":0},"end":{"line":231,"column":90}},"231":{"start":{"line":232,"column":0},"end":{"line":232,"column":28}},"232":{"start":{"line":233,"column":0},"end":{"line":233,"column":19}},"233":{"start":{"line":234,"column":0},"end":{"line":234,"column":53}},"234":{"start":{"line":235,"column":0},"end":{"line":235,"column":36}},"235":{"start":{"line":236,"column":0},"end":{"line":236,"column":17}},"236":{"start":{"line":237,"column":0},"end":{"line":237,"column":24}},"237":{"start":{"line":238,"column":0},"end":{"line":238,"column":13}},"238":{"start":{"line":239,"column":0},"end":{"line":239,"column":19}},"239":{"start":{"line":240,"column":0},"end":{"line":240,"column":20}},"240":{"start":{"line":241,"column":0},"end":{"line":241,"column":20}},"241":{"start":{"line":242,"column":0},"end":{"line":242,"column":28}},"242":{"start":{"line":243,"column":0},"end":{"line":243,"column":31}},"243":{"start":{"line":244,"column":0},"end":{"line":244,"column":41}},"244":{"start":{"line":245,"column":0},"end":{"line":245,"column":28}},"245":{"start":{"line":246,"column":0},"end":{"line":246,"column":30}},"246":{"start":{"line":247,"column":0},"end":{"line":247,"column":38}},"247":{"start":{"line":248,"column":0},"end":{"line":248,"column":16}},"248":{"start":{"line":249,"column":0},"end":{"line":249,"column":20}},"249":{"start":{"line":250,"column":0},"end":{"line":250,"column":19}},"250":{"start":{"line":251,"column":0},"end":{"line":251,"column":21}},"251":{"start":{"line":252,"column":0},"end":{"line":252,"column":20}},"252":{"start":{"line":253,"column":0},"end":{"line":253,"column":31}},"253":{"start":{"line":254,"column":0},"end":{"line":254,"column":42}},"254":{"start":{"line":255,"column":0},"end":{"line":255,"column":28}},"255":{"start":{"line":256,"column":0},"end":{"line":256,"column":31}},"256":{"start":{"line":257,"column":0},"end":{"line":257,"column":38}},"257":{"start":{"line":258,"column":0},"end":{"line":258,"column":16}},"258":{"start":{"line":259,"column":0},"end":{"line":259,"column":20}},"259":{"start":{"line":260,"column":0},"end":{"line":260,"column":19}},"260":{"start":{"line":261,"column":0},"end":{"line":261,"column":23}},"261":{"start":{"line":262,"column":0},"end":{"line":262,"column":20}},"262":{"start":{"line":263,"column":0},"end":{"line":263,"column":31}},"263":{"start":{"line":264,"column":0},"end":{"line":264,"column":44}},"264":{"start":{"line":265,"column":0},"end":{"line":265,"column":28}},"265":{"start":{"line":266,"column":0},"end":{"line":266,"column":33}},"266":{"start":{"line":267,"column":0},"end":{"line":267,"column":38}},"267":{"start":{"line":268,"column":0},"end":{"line":268,"column":16}},"268":{"start":{"line":269,"column":0},"end":{"line":269,"column":20}},"269":{"start":{"line":270,"column":0},"end":{"line":270,"column":19}},"270":{"start":{"line":271,"column":0},"end":{"line":271,"column":19}},"271":{"start":{"line":272,"column":0},"end":{"line":272,"column":20}},"272":{"start":{"line":273,"column":0},"end":{"line":273,"column":31}},"273":{"start":{"line":274,"column":0},"end":{"line":274,"column":40}},"274":{"start":{"line":275,"column":0},"end":{"line":275,"column":28}},"275":{"start":{"line":276,"column":0},"end":{"line":276,"column":29}},"276":{"start":{"line":277,"column":0},"end":{"line":277,"column":38}},"277":{"start":{"line":278,"column":0},"end":{"line":278,"column":16}},"278":{"start":{"line":279,"column":0},"end":{"line":279,"column":20}},"279":{"start":{"line":280,"column":0},"end":{"line":280,"column":54}},"280":{"start":{"line":281,"column":0},"end":{"line":281,"column":37}},"281":{"start":{"line":282,"column":0},"end":{"line":282,"column":19}},"282":{"start":{"line":283,"column":0},"end":{"line":283,"column":14}},"283":{"start":{"line":284,"column":0},"end":{"line":284,"column":0}},"284":{"start":{"line":285,"column":0},"end":{"line":285,"column":13}},"285":{"start":{"line":286,"column":0},"end":{"line":286,"column":16}},"286":{"start":{"line":287,"column":0},"end":{"line":287,"column":19}},"287":{"start":{"line":288,"column":0},"end":{"line":288,"column":22}},"288":{"start":{"line":289,"column":0},"end":{"line":289,"column":20}},"289":{"start":{"line":290,"column":0},"end":{"line":290,"column":28}},"290":{"start":{"line":291,"column":0},"end":{"line":291,"column":35}},"291":{"start":{"line":292,"column":0},"end":{"line":292,"column":28}},"292":{"start":{"line":293,"column":0},"end":{"line":293,"column":27}},"293":{"start":{"line":294,"column":0},"end":{"line":294,"column":38}},"294":{"start":{"line":295,"column":0},"end":{"line":295,"column":16}},"295":{"start":{"line":296,"column":0},"end":{"line":296,"column":20}},"296":{"start":{"line":297,"column":0},"end":{"line":297,"column":19}},"297":{"start":{"line":298,"column":0},"end":{"line":298,"column":21}},"298":{"start":{"line":299,"column":0},"end":{"line":299,"column":20}},"299":{"start":{"line":300,"column":0},"end":{"line":300,"column":28}},"300":{"start":{"line":301,"column":0},"end":{"line":301,"column":34}},"301":{"start":{"line":302,"column":0},"end":{"line":302,"column":28}},"302":{"start":{"line":303,"column":0},"end":{"line":303,"column":26}},"303":{"start":{"line":304,"column":0},"end":{"line":304,"column":38}},"304":{"start":{"line":305,"column":0},"end":{"line":305,"column":16}},"305":{"start":{"line":306,"column":0},"end":{"line":306,"column":20}},"306":{"start":{"line":307,"column":0},"end":{"line":307,"column":66}},"307":{"start":{"line":308,"column":0},"end":{"line":308,"column":14}},"308":{"start":{"line":309,"column":0},"end":{"line":309,"column":17}},"309":{"start":{"line":310,"column":0},"end":{"line":310,"column":24}},"310":{"start":{"line":311,"column":0},"end":{"line":311,"column":18}},"311":{"start":{"line":312,"column":0},"end":{"line":312,"column":25}},"312":{"start":{"line":313,"column":0},"end":{"line":313,"column":34}},"313":{"start":{"line":314,"column":0},"end":{"line":314,"column":30}},"314":{"start":{"line":315,"column":0},"end":{"line":315,"column":25}},"315":{"start":{"line":316,"column":0},"end":{"line":316,"column":36}},"316":{"start":{"line":317,"column":0},"end":{"line":317,"column":14}},"317":{"start":{"line":318,"column":0},"end":{"line":318,"column":65}},"318":{"start":{"line":319,"column":0},"end":{"line":319,"column":18}},"319":{"start":{"line":320,"column":0},"end":{"line":320,"column":0}},"320":{"start":{"line":321,"column":0},"end":{"line":321,"column":53}},"321":{"start":{"line":322,"column":0},"end":{"line":322,"column":15}},"322":{"start":{"line":323,"column":0},"end":{"line":323,"column":49}},"323":{"start":{"line":324,"column":0},"end":{"line":324,"column":9}},"324":{"start":{"line":325,"column":0},"end":{"line":325,"column":6}},"325":{"start":{"line":326,"column":0},"end":{"line":326,"column":3}},"326":{"start":{"line":327,"column":0},"end":{"line":327,"column":1}}},"s":{"0":1,"1":1,"2":1,"3":1,"4":1,"5":1,"6":1,"7":1,"8":1,"9":1,"10":1,"11":1,"12":1,"13":1,"14":1,"15":1,"16":1,"17":1,"18":1,"19":1,"20":1,"21":1,"22":1,"23":1,"24":1,"25":1,"26":1,"27":1,"28":1,"29":1,"30":1,"31":1,"32":1,"33":1,"34":1,"35":1,"36":1,"37":1,"38":1,"39":1,"40":1,"41":1,"42":1,"43":1,"44":1,"45":1,"46":1,"47":1,"48":1,"49":1,"50":1,"51":3,"52":2,"53":1,"54":1,"55":1,"56":1,"57":1,"58":1,"59":3,"60":1,"61":1,"62":3,"63":1,"64":3,"65":2,"66":1,"67":1,"68":1,"69":1,"70":1,"71":1,"72":3,"73":1,"74":1,"75":3,"76":1,"77":1,"78":2,"79":1,"80":1,"81":1,"82":1,"83":1,"84":1,"85":1,"86":1,"87":2,"88":1,"89":2,"90":1,"91":1,"92":1,"93":1,"94":2,"95":1,"96":2,"97":2,"98":2,"99":2,"100":2,"101":2,"102":1,"103":1,"104":2,"105":1,"106":1,"107":1,"108":1,"109":1,"110":1,"111":1,"112":0,"113":0,"114":0,"115":0,"116":0,"117":0,"118":0,"119":1,"120":1,"121":1,"122":1,"123":1,"124":7,"125":7,"126":7,"127":7,"128":7,"129":5,"130":4,"131":3,"132":1,"133":0,"134":0,"135":7,"136":1,"137":1,"138":1,"139":1,"140":1,"141":1,"142":1,"143":1,"144":1,"145":1,"146":1,"147":1,"148":1,"149":1,"150":1,"151":1,"152":1,"153":1,"154":1,"155":1,"156":8,"157":8,"158":7,"159":8,"160":1,"161":1,"162":1,"163":0,"164":1,"165":1,"166":0,"167":1,"168":1,"169":0,"170":1,"171":1,"172":0,"173":1,"174":1,"175":1,"176":1,"177":1,"178":0,"179":1,"180":0,"181":1,"182":1,"183":1,"184":1,"185":1,"186":0,"187":0,"188":0,"189":0,"190":0,"191":0,"192":0,"193":0,"194":0,"195":0,"196":0,"197":0,"198":0,"199":1,"200":1,"201":1,"202":1,"203":1,"204":9,"205":9,"206":9,"207":9,"208":9,"209":9,"210":9,"211":9,"212":9,"213":9,"214":9,"215":9,"216":9,"217":9,"218":9,"219":9,"220":9,"221":9,"222":9,"223":9,"224":9,"225":9,"226":9,"227":9,"228":9,"229":9,"230":9,"231":9,"232":9,"233":9,"234":9,"235":9,"236":9,"237":9,"238":9,"239":9,"240":9,"241":9,"242":9,"243":9,"244":9,"245":9,"246":9,"247":9,"248":9,"249":9,"250":9,"251":9,"252":9,"253":9,"254":9,"255":9,"256":9,"257":9,"258":9,"259":9,"260":9,"261":9,"262":9,"263":9,"264":9,"265":9,"266":9,"267":9,"268":9,"269":9,"270":9,"271":9,"272":9,"273":9,"274":9,"275":9,"276":9,"277":9,"278":9,"279":9,"280":9,"281":9,"282":9,"283":9,"284":9,"285":9,"286":9,"287":9,"288":9,"289":9,"290":9,"291":9,"292":9,"293":9,"294":9,"295":9,"296":9,"297":9,"298":9,"299":9,"300":9,"301":9,"302":9,"303":9,"304":9,"305":9,"306":9,"307":9,"308":9,"309":9,"310":9,"311":9,"312":9,"313":9,"314":9,"315":9,"316":9,"317":9,"318":9,"319":9,"320":9,"321":9,"322":9,"323":9,"324":9,"325":9,"326":1},"branchMap":{"0":{"type":"branch","line":7,"loc":{"start":{"line":7,"column":2},"end":{"line":20,"column":22}},"locations":[{"start":{"line":7,"column":2},"end":{"line":20,"column":22}}]},"1":{"type":"branch","line":21,"loc":{"start":{"line":21,"column":2},"end":{"line":50,"column":3}},"locations":[{"start":{"line":21,"column":2},"end":{"line":50,"column":3}}]},"2":{"type":"branch","line":51,"loc":{"start":{"line":51,"column":2},"end":{"line":63,"column":3}},"locations":[{"start":{"line":51,"column":2},"end":{"line":63,"column":3}}]},"3":{"type":"branch","line":52,"loc":{"start":{"line":52,"column":13},"end":{"line":60,"column":11}},"locations":[{"start":{"line":52,"column":13},"end":{"line":60,"column":11}}]},"4":{"type":"branch","line":53,"loc":{"start":{"line":53,"column":26},"end":{"line":59,"column":7}},"locations":[{"start":{"line":53,"column":26},"end":{"line":59,"column":7}}]},"5":{"type":"branch","line":58,"loc":{"start":{"line":58,"column":8},"end":{"line":58,"column":49}},"locations":[{"start":{"line":58,"column":8},"end":{"line":58,"column":49}}]},"6":{"type":"branch","line":60,"loc":{"start":{"line":60,"column":4},"end":{"line":62,"column":5}},"locations":[{"start":{"line":60,"column":4},"end":{"line":62,"column":5}}]},"7":{"type":"branch","line":64,"loc":{"start":{"line":64,"column":2},"end":{"line":76,"column":3}},"locations":[{"start":{"line":64,"column":2},"end":{"line":76,"column":3}}]},"8":{"type":"branch","line":65,"loc":{"start":{"line":65,"column":13},"end":{"line":73,"column":11}},"locations":[{"start":{"line":65,"column":13},"end":{"line":73,"column":11}}]},"9":{"type":"branch","line":66,"loc":{"start":{"line":66,"column":27},"end":{"line":72,"column":7}},"locations":[{"start":{"line":66,"column":27},"end":{"line":72,"column":7}}]},"10":{"type":"branch","line":71,"loc":{"start":{"line":71,"column":8},"end":{"line":71,"column":48}},"locations":[{"start":{"line":71,"column":8},"end":{"line":71,"column":48}}]},"11":{"type":"branch","line":73,"loc":{"start":{"line":73,"column":4},"end":{"line":75,"column":5}},"locations":[{"start":{"line":73,"column":4},"end":{"line":75,"column":5}}]},"12":{"type":"branch","line":78,"loc":{"start":{"line":78,"column":2},"end":{"line":88,"column":3}},"locations":[{"start":{"line":78,"column":2},"end":{"line":88,"column":3}}]},"13":{"type":"branch","line":79,"loc":{"start":{"line":79,"column":13},"end":{"line":87,"column":5}},"locations":[{"start":{"line":79,"column":13},"end":{"line":87,"column":5}}]},"14":{"type":"branch","line":84,"loc":{"start":{"line":84,"column":6},"end":{"line":84,"column":46}},"locations":[{"start":{"line":84,"column":6},"end":{"line":84,"column":46}}]},"15":{"type":"branch","line":89,"loc":{"start":{"line":89,"column":2},"end":{"line":95,"column":3}},"locations":[{"start":{"line":89,"column":2},"end":{"line":95,"column":3}}]},"16":{"type":"branch","line":90,"loc":{"start":{"line":90,"column":33},"end":{"line":94,"column":5}},"locations":[{"start":{"line":90,"column":33},"end":{"line":94,"column":5}}]},"17":{"type":"branch","line":96,"loc":{"start":{"line":96,"column":2},"end":{"line":105,"column":3}},"locations":[{"start":{"line":96,"column":2},"end":{"line":105,"column":3}}]},"18":{"type":"branch","line":102,"loc":{"start":{"line":102,"column":6},"end":{"line":104,"column":77}},"locations":[{"start":{"line":102,"column":6},"end":{"line":104,"column":77}}]},"19":{"type":"branch","line":106,"loc":{"start":{"line":106,"column":2},"end":{"line":110,"column":3}},"locations":[{"start":{"line":106,"column":2},"end":{"line":110,"column":3}}]},"20":{"type":"branch","line":108,"loc":{"start":{"line":108,"column":6},"end":{"line":108,"column":40}},"locations":[{"start":{"line":108,"column":6},"end":{"line":108,"column":40}}]},"21":{"type":"branch","line":111,"loc":{"start":{"line":111,"column":2},"end":{"line":123,"column":3}},"locations":[{"start":{"line":111,"column":2},"end":{"line":123,"column":3}}]},"22":{"type":"branch","line":112,"loc":{"start":{"line":112,"column":13},"end":{"line":120,"column":11}},"locations":[{"start":{"line":112,"column":13},"end":{"line":120,"column":11}}]},"23":{"type":"branch","line":124,"loc":{"start":{"line":124,"column":2},"end":{"line":136,"column":3}},"locations":[{"start":{"line":124,"column":2},"end":{"line":136,"column":3}}]},"24":{"type":"branch","line":125,"loc":{"start":{"line":125,"column":25},"end":{"line":125,"column":32}},"locations":[{"start":{"line":125,"column":25},"end":{"line":125,"column":32}}]},"25":{"type":"branch","line":129,"loc":{"start":{"line":129,"column":26},"end":{"line":129,"column":49}},"locations":[{"start":{"line":129,"column":26},"end":{"line":129,"column":49}}]},"26":{"type":"branch","line":129,"loc":{"start":{"line":129,"column":47},"end":{"line":135,"column":52}},"locations":[{"start":{"line":129,"column":47},"end":{"line":135,"column":52}}]},"27":{"type":"branch","line":130,"loc":{"start":{"line":130,"column":32},"end":{"line":130,"column":56}},"locations":[{"start":{"line":130,"column":32},"end":{"line":130,"column":56}}]},"28":{"type":"branch","line":130,"loc":{"start":{"line":130,"column":54},"end":{"line":135,"column":52}},"locations":[{"start":{"line":130,"column":54},"end":{"line":135,"column":52}}]},"29":{"type":"branch","line":131,"loc":{"start":{"line":131,"column":30},"end":{"line":131,"column":52}},"locations":[{"start":{"line":131,"column":30},"end":{"line":131,"column":52}}]},"30":{"type":"branch","line":131,"loc":{"start":{"line":131,"column":50},"end":{"line":135,"column":52}},"locations":[{"start":{"line":131,"column":50},"end":{"line":135,"column":52}}]},"31":{"type":"branch","line":132,"loc":{"start":{"line":132,"column":30},"end":{"line":132,"column":52}},"locations":[{"start":{"line":132,"column":30},"end":{"line":132,"column":52}}]},"32":{"type":"branch","line":132,"loc":{"start":{"line":132,"column":50},"end":{"line":135,"column":52}},"locations":[{"start":{"line":132,"column":50},"end":{"line":135,"column":52}}]},"33":{"type":"branch","line":133,"loc":{"start":{"line":133,"column":47},"end":{"line":135,"column":52}},"locations":[{"start":{"line":133,"column":47},"end":{"line":135,"column":52}}]},"34":{"type":"branch","line":138,"loc":{"start":{"line":138,"column":2},"end":{"line":202,"column":3}},"locations":[{"start":{"line":138,"column":2},"end":{"line":202,"column":3}}]},"35":{"type":"branch","line":156,"loc":{"start":{"line":156,"column":34},"end":{"line":160,"column":5}},"locations":[{"start":{"line":156,"column":34},"end":{"line":160,"column":5}}]},"36":{"type":"branch","line":158,"loc":{"start":{"line":158,"column":27},"end":{"line":158,"column":36}},"locations":[{"start":{"line":158,"column":27},"end":{"line":158,"column":36}}]},"37":{"type":"branch","line":158,"loc":{"start":{"line":158,"column":27},"end":{"line":159,"column":32}},"locations":[{"start":{"line":158,"column":27},"end":{"line":159,"column":32}}]},"38":{"type":"branch","line":159,"loc":{"start":{"line":159,"column":25},"end":{"line":159,"column":32}},"locations":[{"start":{"line":159,"column":25},"end":{"line":159,"column":32}}]},"39":{"type":"branch","line":163,"loc":{"start":{"line":163,"column":44},"end":{"line":164,"column":58}},"locations":[{"start":{"line":163,"column":44},"end":{"line":164,"column":58}}]},"40":{"type":"branch","line":166,"loc":{"start":{"line":166,"column":42},"end":{"line":167,"column":56}},"locations":[{"start":{"line":166,"column":42},"end":{"line":167,"column":56}}]},"41":{"type":"branch","line":169,"loc":{"start":{"line":169,"column":41},"end":{"line":170,"column":55}},"locations":[{"start":{"line":169,"column":41},"end":{"line":170,"column":55}}]},"42":{"type":"branch","line":172,"loc":{"start":{"line":172,"column":40},"end":{"line":173,"column":55}},"locations":[{"start":{"line":172,"column":40},"end":{"line":173,"column":55}}]},"43":{"type":"branch","line":176,"loc":{"start":{"line":176,"column":15},"end":{"line":176,"column":56}},"locations":[{"start":{"line":176,"column":15},"end":{"line":176,"column":56}}]},"44":{"type":"branch","line":178,"loc":{"start":{"line":178,"column":41},"end":{"line":179,"column":12}},"locations":[{"start":{"line":178,"column":41},"end":{"line":179,"column":12}}]},"45":{"type":"branch","line":180,"loc":{"start":{"line":180,"column":30},"end":{"line":181,"column":13}},"locations":[{"start":{"line":180,"column":30},"end":{"line":181,"column":13}}]},"46":{"type":"branch","line":186,"loc":{"start":{"line":186,"column":12},"end":{"line":186,"column":30}},"locations":[{"start":{"line":186,"column":12},"end":{"line":186,"column":30}}]},"47":{"type":"branch","line":186,"loc":{"start":{"line":186,"column":20},"end":{"line":186,"column":38}},"locations":[{"start":{"line":186,"column":20},"end":{"line":186,"column":38}}]},"48":{"type":"branch","line":186,"loc":{"start":{"line":186,"column":30},"end":{"line":186,"column":47}},"locations":[{"start":{"line":186,"column":30},"end":{"line":186,"column":47}}]},"49":{"type":"branch","line":186,"loc":{"start":{"line":186,"column":38},"end":{"line":186,"column":56}},"locations":[{"start":{"line":186,"column":38},"end":{"line":186,"column":56}}]},"50":{"type":"branch","line":186,"loc":{"start":{"line":186,"column":47},"end":{"line":186,"column":63}},"locations":[{"start":{"line":186,"column":47},"end":{"line":186,"column":63}}]},"51":{"type":"branch","line":186,"loc":{"start":{"line":186,"column":63},"end":{"line":199,"column":9}},"locations":[{"start":{"line":186,"column":63},"end":{"line":199,"column":9}}]},"52":{"type":"branch","line":204,"loc":{"start":{"line":204,"column":2},"end":{"line":326,"column":3}},"locations":[{"start":{"line":204,"column":2},"end":{"line":326,"column":3}}]},"53":{"type":"branch","line":327,"loc":{"start":{"line":327,"column":0},"end":{"line":327,"column":1}},"locations":[{"start":{"line":327,"column":0},"end":{"line":327,"column":1}}]}},"b":{"0":[1],"1":[1],"2":[3],"3":[2],"4":[1],"5":[0],"6":[1],"7":[3],"8":[2],"9":[1],"10":[0],"11":[1],"12":[2],"13":[1],"14":[0],"15":[2],"16":[1],"17":[2],"18":[1],"19":[1],"20":[0],"21":[1],"22":[0],"23":[7],"24":[0],"25":[2],"26":[5],"27":[1],"28":[4],"29":[1],"30":[3],"31":[2],"32":[1],"33":[0],"34":[1],"35":[8],"36":[1],"37":[7],"38":[0],"39":[0],"40":[0],"41":[0],"42":[0],"43":[0],"44":[0],"45":[0],"46":[0],"47":[0],"48":[0],"49":[0],"50":[0],"51":[0],"52":[9],"53":[1]},"fnMap":{"0":{"name":"<instance_members_initializer>","decl":{"start":{"line":7,"column":2},"end":{"line":20,"column":22}},"loc":{"start":{"line":7,"column":2},"end":{"line":20,"column":22}},"line":7},"1":{"name":"ClassFormAddBook","decl":{"start":{"line":21,"column":2},"end":{"line":50,"column":3}},"loc":{"start":{"line":21,"column":2},"end":{"line":50,"column":3}},"line":21},"2":{"name":"errorTitle","decl":{"start":{"line":51,"column":2},"end":{"line":63,"column":3}},"loc":{"start":{"line":51,"column":2},"end":{"line":63,"column":3}},"line":51},"3":{"name":"errorDesc","decl":{"start":{"line":64,"column":2},"end":{"line":76,"column":3}},"loc":{"start":{"line":64,"column":2},"end":{"line":76,"column":3}},"line":64},"4":{"name":"errorYear","decl":{"start":{"line":78,"column":2},"end":{"line":88,"column":3}},"loc":{"start":{"line":78,"column":2},"end":{"line":88,"column":3}},"line":78},"5":{"name":"errorAuthor","decl":{"start":{"line":89,"column":2},"end":{"line":95,"column":3}},"loc":{"start":{"line":89,"column":2},"end":{"line":95,"column":3}},"line":89},"6":{"name":"errorRadio","decl":{"start":{"line":96,"column":2},"end":{"line":105,"column":3}},"loc":{"start":{"line":96,"column":2},"end":{"line":105,"column":3}},"line":96},"7":{"name":"errorCheck","decl":{"start":{"line":106,"column":2},"end":{"line":110,"column":3}},"loc":{"start":{"line":106,"column":2},"end":{"line":110,"column":3}},"line":106},"8":{"name":"errorFile","decl":{"start":{"line":111,"column":2},"end":{"line":123,"column":3}},"loc":{"start":{"line":111,"column":2},"end":{"line":123,"column":3}},"line":111},"9":{"name":"change","decl":{"start":{"line":124,"column":2},"end":{"line":136,"column":3}},"loc":{"start":{"line":124,"column":2},"end":{"line":136,"column":3}},"line":124},"10":{"name":"handleSubmit","decl":{"start":{"line":138,"column":2},"end":{"line":202,"column":3}},"loc":{"start":{"line":138,"column":2},"end":{"line":202,"column":3}},"line":138},"11":{"name":"render","decl":{"start":{"line":204,"column":2},"end":{"line":326,"column":3}},"loc":{"start":{"line":204,"column":2},"end":{"line":326,"column":3}},"line":204},"12":{"name":"get","decl":{"start":{"line":327,"column":0},"end":{"line":327,"column":1}},"loc":{"start":{"line":327,"column":0},"end":{"line":327,"column":1}},"line":327}},"f":{"0":1,"1":1,"2":3,"3":3,"4":2,"5":2,"6":2,"7":1,"8":1,"9":7,"10":1,"11":9,"12":1}}
,"C:\\Users\\ksan4\\Desktop\\rs-react\\components\\src\\components\\ClassOneBook.tsx": {"path":"C:\\Users\\ksan4\\Desktop\\rs-react\\components\\src\\components\\ClassOneBook.tsx","all":false,"statementMap":{"0":{"start":{"line":1,"column":0},"end":{"line":1,"column":26}},"1":{"start":{"line":2,"column":0},"end":{"line":2,"column":54}},"2":{"start":{"line":3,"column":0},"end":{"line":3,"column":0}},"3":{"start":{"line":4,"column":0},"end":{"line":4,"column":51}},"4":{"start":{"line":5,"column":0},"end":{"line":5,"column":17}},"5":{"start":{"line":6,"column":0},"end":{"line":6,"column":23}},"6":{"start":{"line":7,"column":0},"end":{"line":7,"column":45}},"7":{"start":{"line":8,"column":0},"end":{"line":8,"column":17}},"8":{"start":{"line":9,"column":0},"end":{"line":9,"column":17}},"9":{"start":{"line":10,"column":0},"end":{"line":10,"column":27}},"10":{"start":{"line":11,"column":0},"end":{"line":11,"column":23}},"11":{"start":{"line":12,"column":0},"end":{"line":12,"column":25}},"12":{"start":{"line":13,"column":0},"end":{"line":13,"column":21}},"13":{"start":{"line":14,"column":0},"end":{"line":14,"column":25}},"14":{"start":{"line":15,"column":0},"end":{"line":15,"column":23}},"15":{"start":{"line":16,"column":0},"end":{"line":16,"column":25}},"16":{"start":{"line":17,"column":0},"end":{"line":17,"column":6}},"17":{"start":{"line":18,"column":0},"end":{"line":18,"column":18}},"18":{"start":{"line":19,"column":0},"end":{"line":19,"column":15}},"19":{"start":{"line":20,"column":0},"end":{"line":20,"column":16}},"20":{"start":{"line":21,"column":0},"end":{"line":21,"column":6}},"21":{"start":{"line":22,"column":0},"end":{"line":22,"column":26}},"22":{"start":{"line":23,"column":0},"end":{"line":23,"column":20}},"23":{"start":{"line":24,"column":0},"end":{"line":24,"column":23}},"24":{"start":{"line":25,"column":0},"end":{"line":25,"column":18}},"25":{"start":{"line":26,"column":0},"end":{"line":26,"column":8}},"26":{"start":{"line":27,"column":0},"end":{"line":27,"column":5}},"27":{"start":{"line":28,"column":0},"end":{"line":28,"column":51}},"28":{"start":{"line":29,"column":0},"end":{"line":29,"column":3}},"29":{"start":{"line":30,"column":0},"end":{"line":30,"column":17}},"30":{"start":{"line":31,"column":0},"end":{"line":31,"column":27}},"31":{"start":{"line":32,"column":0},"end":{"line":32,"column":69}},"32":{"start":{"line":33,"column":0},"end":{"line":33,"column":12}},"33":{"start":{"line":34,"column":0},"end":{"line":34,"column":63}},"34":{"start":{"line":35,"column":0},"end":{"line":35,"column":5}},"35":{"start":{"line":36,"column":0},"end":{"line":36,"column":3}},"36":{"start":{"line":37,"column":0},"end":{"line":37,"column":0}},"37":{"start":{"line":38,"column":0},"end":{"line":38,"column":12}},"38":{"start":{"line":39,"column":0},"end":{"line":39,"column":12}},"39":{"start":{"line":40,"column":0},"end":{"line":40,"column":8}},"40":{"start":{"line":41,"column":0},"end":{"line":41,"column":30}},"41":{"start":{"line":42,"column":0},"end":{"line":42,"column":59}},"42":{"start":{"line":43,"column":0},"end":{"line":43,"column":38}},"43":{"start":{"line":44,"column":0},"end":{"line":44,"column":40}},"44":{"start":{"line":45,"column":0},"end":{"line":45,"column":64}},"45":{"start":{"line":46,"column":0},"end":{"line":46,"column":42}},"46":{"start":{"line":47,"column":0},"end":{"line":47,"column":35}},"47":{"start":{"line":48,"column":0},"end":{"line":48,"column":32}},"48":{"start":{"line":49,"column":0},"end":{"line":49,"column":20}},"49":{"start":{"line":50,"column":0},"end":{"line":50,"column":18}},"50":{"start":{"line":51,"column":0},"end":{"line":51,"column":0}},"51":{"start":{"line":52,"column":0},"end":{"line":52,"column":42}},"52":{"start":{"line":53,"column":0},"end":{"line":53,"column":35}},"53":{"start":{"line":54,"column":0},"end":{"line":54,"column":32}},"54":{"start":{"line":55,"column":0},"end":{"line":55,"column":18}},"55":{"start":{"line":56,"column":0},"end":{"line":56,"column":41}},"56":{"start":{"line":57,"column":0},"end":{"line":57,"column":34}},"57":{"start":{"line":58,"column":0},"end":{"line":58,"column":31}},"58":{"start":{"line":59,"column":0},"end":{"line":59,"column":18}},"59":{"start":{"line":60,"column":0},"end":{"line":60,"column":62}},"60":{"start":{"line":61,"column":0},"end":{"line":61,"column":68}},"61":{"start":{"line":62,"column":0},"end":{"line":62,"column":76}},"62":{"start":{"line":63,"column":0},"end":{"line":63,"column":54}},"63":{"start":{"line":64,"column":0},"end":{"line":64,"column":20}},"64":{"start":{"line":65,"column":0},"end":{"line":65,"column":45}},"65":{"start":{"line":66,"column":0},"end":{"line":66,"column":18}},"66":{"start":{"line":67,"column":0},"end":{"line":67,"column":16}},"67":{"start":{"line":68,"column":0},"end":{"line":68,"column":14}},"68":{"start":{"line":69,"column":0},"end":{"line":69,"column":9}},"69":{"start":{"line":70,"column":0},"end":{"line":70,"column":6}},"70":{"start":{"line":71,"column":0},"end":{"line":71,"column":3}},"71":{"start":{"line":72,"column":0},"end":{"line":72,"column":1}}},"s":{"0":1,"1":1,"2":1,"3":1,"4":1,"5":52,"6":1,"7":52,"8":52,"9":52,"10":52,"11":52,"12":52,"13":52,"14":52,"15":52,"16":52,"17":52,"18":52,"19":52,"20":52,"21":52,"22":0,"23":0,"24":0,"25":0,"26":0,"27":52,"28":52,"29":1,"30":2,"31":1,"32":1,"33":1,"34":1,"35":2,"36":1,"37":1,"38":54,"39":54,"40":54,"41":54,"42":54,"43":54,"44":54,"45":54,"46":54,"47":54,"48":54,"49":54,"50":54,"51":54,"52":54,"53":54,"54":54,"55":54,"56":54,"57":54,"58":54,"59":54,"60":54,"61":54,"62":54,"63":54,"64":54,"65":54,"66":54,"67":54,"68":54,"69":54,"70":54,"71":52},"branchMap":{"0":{"type":"branch","line":5,"loc":{"start":{"line":5,"column":2},"end":{"line":6,"column":23}},"locations":[{"start":{"line":5,"column":2},"end":{"line":6,"column":23}}]},"1":{"type":"branch","line":7,"loc":{"start":{"line":7,"column":2},"end":{"line":29,"column":3}},"locations":[{"start":{"line":7,"column":2},"end":{"line":29,"column":3}}]},"2":{"type":"branch","line":22,"loc":{"start":{"line":22,"column":25},"end":{"line":27,"column":5}},"locations":[{"start":{"line":22,"column":25},"end":{"line":27,"column":5}}]},"3":{"type":"branch","line":30,"loc":{"start":{"line":30,"column":2},"end":{"line":36,"column":3}},"locations":[{"start":{"line":30,"column":2},"end":{"line":36,"column":3}}]},"4":{"type":"branch","line":31,"loc":{"start":{"line":31,"column":26},"end":{"line":35,"column":5}},"locations":[{"start":{"line":31,"column":26},"end":{"line":35,"column":5}}]},"5":{"type":"branch","line":38,"loc":{"start":{"line":38,"column":2},"end":{"line":71,"column":3}},"locations":[{"start":{"line":38,"column":2},"end":{"line":71,"column":3}}]},"6":{"type":"branch","line":72,"loc":{"start":{"line":72,"column":0},"end":{"line":72,"column":1}},"locations":[{"start":{"line":72,"column":0},"end":{"line":72,"column":1}}]}},"b":{"0":[52],"1":[52],"2":[0],"3":[2],"4":[1],"5":[54],"6":[52]},"fnMap":{"0":{"name":"<instance_members_initializer>","decl":{"start":{"line":5,"column":2},"end":{"line":6,"column":23}},"loc":{"start":{"line":5,"column":2},"end":{"line":6,"column":23}},"line":5},"1":{"name":"ClassOneBook","decl":{"start":{"line":7,"column":2},"end":{"line":29,"column":3}},"loc":{"start":{"line":7,"column":2},"end":{"line":29,"column":3}},"line":7},"2":{"name":"changeState","decl":{"start":{"line":30,"column":2},"end":{"line":36,"column":3}},"loc":{"start":{"line":30,"column":2},"end":{"line":36,"column":3}},"line":30},"3":{"name":"render","decl":{"start":{"line":38,"column":2},"end":{"line":71,"column":3}},"loc":{"start":{"line":38,"column":2},"end":{"line":71,"column":3}},"line":38},"4":{"name":"get","decl":{"start":{"line":72,"column":0},"end":{"line":72,"column":1}},"loc":{"start":{"line":72,"column":0},"end":{"line":72,"column":1}},"line":72}},"f":{"0":52,"1":52,"2":2,"3":54,"4":52}}
,"C:\\Users\\ksan4\\Desktop\\rs-react\\components\\src\\components\\ClassOptions.tsx": {"path":"C:\\Users\\ksan4\\Desktop\\rs-react\\components\\src\\components\\ClassOptions.tsx","all":false,"statementMap":{"0":{"start":{"line":1,"column":0},"end":{"line":1,"column":26}},"1":{"start":{"line":2,"column":0},"end":{"line":2,"column":41}},"2":{"start":{"line":3,"column":0},"end":{"line":3,"column":51}},"3":{"start":{"line":4,"column":0},"end":{"line":4,"column":18}},"4":{"start":{"line":5,"column":0},"end":{"line":5,"column":45}},"5":{"start":{"line":6,"column":0},"end":{"line":6,"column":17}},"6":{"start":{"line":7,"column":0},"end":{"line":7,"column":80}},"7":{"start":{"line":8,"column":0},"end":{"line":8,"column":3}},"8":{"start":{"line":9,"column":0},"end":{"line":9,"column":29}},"9":{"start":{"line":10,"column":0},"end":{"line":10,"column":12}},"10":{"start":{"line":11,"column":0},"end":{"line":11,"column":8}},"11":{"start":{"line":12,"column":0},"end":{"line":12,"column":60}},"12":{"start":{"line":13,"column":0},"end":{"line":13,"column":42}},"13":{"start":{"line":14,"column":0},"end":{"line":14,"column":43}},"14":{"start":{"line":15,"column":0},"end":{"line":15,"column":18}},"15":{"start":{"line":16,"column":0},"end":{"line":16,"column":19}},"16":{"start":{"line":17,"column":0},"end":{"line":17,"column":11}},"17":{"start":{"line":18,"column":0},"end":{"line":18,"column":9}},"18":{"start":{"line":19,"column":0},"end":{"line":19,"column":6}},"19":{"start":{"line":20,"column":0},"end":{"line":20,"column":3}},"20":{"start":{"line":21,"column":0},"end":{"line":21,"column":1}}},"s":{"0":1,"1":1,"2":1,"3":1,"4":1,"5":1,"6":1,"7":1,"8":1,"9":9,"10":9,"11":9,"12":9,"13":99,"14":99,"15":99,"16":9,"17":9,"18":9,"19":9,"20":9},"branchMap":{"0":{"type":"branch","line":4,"loc":{"start":{"line":4,"column":2},"end":{"line":4,"column":18}},"locations":[{"start":{"line":4,"column":2},"end":{"line":4,"column":18}}]},"1":{"type":"branch","line":5,"loc":{"start":{"line":5,"column":2},"end":{"line":8,"column":3}},"locations":[{"start":{"line":5,"column":2},"end":{"line":8,"column":3}}]},"2":{"type":"branch","line":7,"loc":{"start":{"line":7,"column":55},"end":{"line":7,"column":76}},"locations":[{"start":{"line":7,"column":55},"end":{"line":7,"column":76}}]},"3":{"type":"branch","line":9,"loc":{"start":{"line":9,"column":2},"end":{"line":20,"column":3}},"locations":[{"start":{"line":9,"column":2},"end":{"line":20,"column":3}}]},"4":{"type":"branch","line":13,"loc":{"start":{"line":13,"column":24},"end":{"line":16,"column":19}},"locations":[{"start":{"line":13,"column":24},"end":{"line":16,"column":19}}]},"5":{"type":"branch","line":21,"loc":{"start":{"line":21,"column":0},"end":{"line":21,"column":1}},"locations":[{"start":{"line":21,"column":0},"end":{"line":21,"column":1}}]}},"b":{"0":[1],"1":[1],"2":[51],"3":[9],"4":[99],"5":[9]},"fnMap":{"0":{"name":"<instance_members_initializer>","decl":{"start":{"line":4,"column":2},"end":{"line":4,"column":18}},"loc":{"start":{"line":4,"column":2},"end":{"line":4,"column":18}},"line":4},"1":{"name":"ClassOptions","decl":{"start":{"line":5,"column":2},"end":{"line":8,"column":3}},"loc":{"start":{"line":5,"column":2},"end":{"line":8,"column":3}},"line":5},"2":{"name":"render","decl":{"start":{"line":9,"column":2},"end":{"line":20,"column":3}},"loc":{"start":{"line":9,"column":2},"end":{"line":20,"column":3}},"line":9},"3":{"name":"get","decl":{"start":{"line":21,"column":0},"end":{"line":21,"column":1}},"loc":{"start":{"line":21,"column":0},"end":{"line":21,"column":1}},"line":21}},"f":{"0":1,"1":1,"2":9,"3":9}}
}
